brk(0)                                  = 0x8135000
mmap2(NULL, 4096, PROT_READ|PROT_WRITE, MAP_PRIVATE|MAP_ANONYMOUS, -1, 0) = 0xb77df000
mmap2(NULL, 95800, PROT_READ, MAP_PRIVATE, 3, 0) = 0xb77c7000
mmap2(0x4226d000, 1825436, PROT_READ|PROT_EXEC, MAP_PRIVATE|MAP_DENYWRITE, 3, 0) = 0x4226d000
mmap2(0x42425000, 12288, PROT_READ|PROT_WRITE, MAP_PRIVATE|MAP_FIXED|MAP_DENYWRITE, 3, 0x1b8000) = 0x42425000
mmap2(0x42428000, 10908, PROT_READ|PROT_WRITE, MAP_PRIVATE|MAP_FIXED|MAP_ANONYMOUS, -1, 0) = 0x42428000
mmap2(NULL, 4096, PROT_READ|PROT_WRITE, MAP_PRIVATE|MAP_ANONYMOUS, -1, 0) = 0xb77c6000
mprotect(0x42425000, 8192, PROT_READ)   = 0
mprotect(0x8049000, 4096, PROT_READ)    = 0
mprotect(0x42269000, 4096, PROT_READ)   = 0
munmap(0xb77c7000, 95800)               = 0
brk(0)                                  = 0x8135000
brk(0x8156000)                          = 0x8156000
brk(0)                                  = 0x8156000
mmap2(NULL, 4096, PROT_READ|PROT_WRITE, MAP_PRIVATE|MAP_ANONYMOUS, -1, 0) = 0xb77de000
brk(0)                                  = 0x8156000
brk(0x8188000)                          = 0x8188000
brk(0)                                  = 0x8188000
brk(0x81ba000)                          = 0x81ba000
brk(0)                                  = 0x81ba000
brk(0x81ec000)                          = 0x81ec000
brk(0)                                  = 0x81ec000
brk(0x821e000)                          = 0x821e000
brk(0)                                  = 0x821e000
brk(0x8251000)                          = 0x8251000
brk(0)                                  = 0x8251000
brk(0x8283000)                          = 0x8283000
brk(0)                                  = 0x8283000
brk(0x82b5000)                          = 0x82b5000
brk(0)                                  = 0x82b5000
brk(0x82e7000)                          = 0x82e7000
brk(0)                                  = 0x82e7000
brk(0x8319000)                          = 0x8319000
brk(0)                                  = 0x8319000
brk(0x834b000)                          = 0x834b000
brk(0)                                  = 0x834b000
brk(0x837d000)                          = 0x837d000
brk(0)                                  = 0x837d000
brk(0x83af000)                          = 0x83af000
brk(0)                                  = 0x83af000
brk(0x83e1000)                          = 0x83e1000
brk(0)                                  = 0x83e1000
brk(0x8413000)                          = 0x8413000
brk(0)                                  = 0x8413000
brk(0x8445000)                          = 0x8445000
brk(0)                                  = 0x8445000
brk(0x8477000)                          = 0x8477000
brk(0)                                  = 0x8477000
brk(0x84a9000)                          = 0x84a9000
brk(0)                                  = 0x84a9000
brk(0x84db000)                          = 0x84db000
brk(0)                                  = 0x84db000
brk(0x850d000)                          = 0x850d000
brk(0)                                  = 0x850d000
brk(0x853f000)                          = 0x853f000
brk(0)                                  = 0x853f000
brk(0x8571000)                          = 0x8571000
brk(0)                                  = 0x8571000
brk(0x85a3000)                          = 0x85a3000
brk(0)                                  = 0x85a3000
brk(0x85d5000)                          = 0x85d5000
brk(0)                                  = 0x85d5000
brk(0x8607000)                          = 0x8607000
brk(0)                                  = 0x8607000
brk(0x8639000)                          = 0x8639000
brk(0)                                  = 0x8639000
brk(0x866b000)                          = 0x866b000
brk(0)                                  = 0x866b000
brk(0x869d000)                          = 0x869d000
brk(0)                                  = 0x869d000
brk(0x86cf000)                          = 0x86cf000
brk(0)                                  = 0x86cf000
brk(0x8701000)                          = 0x8701000
brk(0)                                  = 0x8701000
brk(0x8733000)                          = 0x8733000
brk(0)                                  = 0x8733000
brk(0x8765000)                          = 0x8765000
brk(0)                                  = 0x8765000
brk(0x8797000)                          = 0x8797000
brk(0)                                  = 0x8797000
brk(0x87c9000)                          = 0x87c9000
brk(0)                                  = 0x87c9000
brk(0x87fb000)                          = 0x87fb000
brk(0)                                  = 0x87fb000
brk(0x882d000)                          = 0x882d000
brk(0)                                  = 0x882d000
brk(0x885f000)                          = 0x885f000
brk(0)                                  = 0x885f000
brk(0x8891000)                          = 0x8891000
brk(0)                                  = 0x8891000
brk(0x88c3000)                          = 0x88c3000
brk(0)                                  = 0x88c3000
brk(0x88f5000)                          = 0x88f5000
brk(0)                                  = 0x88f5000
brk(0x8927000)                          = 0x8927000
brk(0)                                  = 0x8927000
brk(0x8959000)                          = 0x8959000
brk(0)                                  = 0x8959000
brk(0x898b000)                          = 0x898b000
brk(0)                                  = 0x898b000
brk(0x89bd000)                          = 0x89bd000
brk(0)                                  = 0x89bd000
brk(0x89ef000)                          = 0x89ef000
brk(0)                                  = 0x89ef000
brk(0x8a21000)                          = 0x8a21000
brk(0)                                  = 0x8a21000
brk(0x8a53000)                          = 0x8a53000
brk(0)                                  = 0x8a53000
brk(0x8a85000)                          = 0x8a85000
brk(0)                                  = 0x8a85000
brk(0x8ab7000)                          = 0x8ab7000
brk(0)                                  = 0x8ab7000
brk(0x8ae9000)                          = 0x8ae9000
brk(0)                                  = 0x8ae9000
brk(0x8b1b000)                          = 0x8b1b000
brk(0)                                  = 0x8b1b000
brk(0x8b4d000)                          = 0x8b4d000
brk(0)                                  = 0x8b4d000
brk(0x8b7f000)                          = 0x8b7f000
brk(0)                                  = 0x8b7f000
brk(0x8bb1000)                          = 0x8bb1000
brk(0)                                  = 0x8bb1000
brk(0x8be3000)                          = 0x8be3000
brk(0)                                  = 0x8be3000
brk(0x8c15000)                          = 0x8c15000
brk(0)                                  = 0x8c15000
brk(0x8c47000)                          = 0x8c47000
brk(0)                                  = 0x8c47000
brk(0x8c79000)                          = 0x8c79000
brk(0)                                  = 0x8c79000
brk(0x8cab000)                          = 0x8cab000
brk(0)                                  = 0x8cab000
brk(0x8cdd000)                          = 0x8cdd000
brk(0)                                  = 0x8cdd000
brk(0x8d0f000)                          = 0x8d0f000
brk(0)                                  = 0x8d0f000
brk(0x8d41000)                          = 0x8d41000
brk(0)                                  = 0x8d41000
brk(0x8d73000)                          = 0x8d73000
brk(0)                                  = 0x8d73000
brk(0x8da5000)                          = 0x8da5000
brk(0)                                  = 0x8da5000
brk(0x8dd7000)                          = 0x8dd7000
brk(0)                                  = 0x8dd7000
brk(0x8e09000)                          = 0x8e09000
brk(0)                                  = 0x8e09000
brk(0x8e3b000)                          = 0x8e3b000
brk(0)                                  = 0x8e3b000
brk(0x8e6d000)                          = 0x8e6d000
brk(0)                                  = 0x8e6d000
brk(0x8e9f000)                          = 0x8e9f000
brk(0)                                  = 0x8e9f000
brk(0x8ed1000)                          = 0x8ed1000
brk(0)                                  = 0x8ed1000
brk(0x8f03000)                          = 0x8f03000
brk(0)                                  = 0x8f03000
brk(0x8f35000)                          = 0x8f35000
brk(0)                                  = 0x8f35000
brk(0x8f67000)                          = 0x8f67000
brk(0)                                  = 0x8f67000
brk(0x8f99000)                          = 0x8f99000
brk(0)                                  = 0x8f99000
brk(0x8fcb000)                          = 0x8fcb000
brk(0)                                  = 0x8fcb000
brk(0x8ffd000)                          = 0x8ffd000
brk(0)                                  = 0x8ffd000
brk(0x902f000)                          = 0x902f000
brk(0)                                  = 0x902f000
brk(0x9061000)                          = 0x9061000
brk(0)                                  = 0x9061000
brk(0x9093000)                          = 0x9093000
brk(0)                                  = 0x9093000
brk(0x90c5000)                          = 0x90c5000
brk(0)                                  = 0x90c5000
brk(0x90f7000)                          = 0x90f7000
brk(0)                                  = 0x90f7000
brk(0x9129000)                          = 0x9129000
brk(0)                                  = 0x9129000
brk(0x915b000)                          = 0x915b000
brk(0)                                  = 0x915b000
brk(0x918d000)                          = 0x918d000
brk(0)                                  = 0x918d000
brk(0x91bf000)                          = 0x91bf000
brk(0)                                  = 0x91bf000
brk(0x91f1000)                          = 0x91f1000
brk(0)                                  = 0x91f1000
brk(0x9223000)                          = 0x9223000
brk(0)                                  = 0x9223000
brk(0x9255000)                          = 0x9255000
brk(0)                                  = 0x9255000
brk(0x9287000)                          = 0x9287000
brk(0)                                  = 0x9287000
brk(0x92b9000)                          = 0x92b9000
brk(0)                                  = 0x92b9000
brk(0x92eb000)                          = 0x92eb000
brk(0)                                  = 0x92eb000
brk(0x931d000)                          = 0x931d000
brk(0)                                  = 0x931d000
brk(0x934f000)                          = 0x934f000
brk(0)                                  = 0x934f000
brk(0x9381000)                          = 0x9381000
brk(0)                                  = 0x9381000
brk(0x93b3000)                          = 0x93b3000
brk(0)                                  = 0x93b3000
brk(0x93e5000)                          = 0x93e5000
brk(0)                                  = 0x93e5000
brk(0x9417000)                          = 0x9417000
brk(0)                                  = 0x9417000
brk(0x9449000)                          = 0x9449000
brk(0)                                  = 0x9449000
brk(0x947b000)                          = 0x947b000
brk(0)                                  = 0x947b000
brk(0x94ad000)                          = 0x94ad000
brk(0)                                  = 0x94ad000
brk(0x94df000)                          = 0x94df000
brk(0)                                  = 0x94df000
brk(0x9511000)                          = 0x9511000
brk(0)                                  = 0x9511000
brk(0x9543000)                          = 0x9543000
brk(0)                                  = 0x9543000
brk(0x9575000)                          = 0x9575000
brk(0)                                  = 0x9575000
brk(0x95a7000)                          = 0x95a7000
brk(0)                                  = 0x95a7000
brk(0x95d9000)                          = 0x95d9000
brk(0)                                  = 0x95d9000
brk(0x960b000)                          = 0x960b000
brk(0)                                  = 0x960b000
brk(0x963d000)                          = 0x963d000
brk(0)                                  = 0x963d000
brk(0x966f000)                          = 0x966f000
brk(0)                                  = 0x966f000
brk(0x96a1000)                          = 0x96a1000
brk(0)                                  = 0x96a1000
brk(0x96d3000)                          = 0x96d3000
brk(0)                                  = 0x96d3000
brk(0x9705000)                          = 0x9705000
brk(0)                                  = 0x9705000
brk(0x9737000)                          = 0x9737000
brk(0)                                  = 0x9737000
brk(0x9769000)                          = 0x9769000
brk(0)                                  = 0x9769000
brk(0x979b000)                          = 0x979b000
brk(0)                                  = 0x979b000
brk(0x97cd000)                          = 0x97cd000
brk(0)                                  = 0x97cd000
brk(0x97ff000)                          = 0x97ff000
brk(0)                                  = 0x97ff000
brk(0x9831000)                          = 0x9831000
brk(0)                                  = 0x9831000
brk(0x9863000)                          = 0x9863000
brk(0)                                  = 0x9863000
brk(0x9895000)                          = 0x9895000
brk(0)                                  = 0x9895000
brk(0x98c7000)                          = 0x98c7000
brk(0)                                  = 0x98c7000
brk(0x98f9000)                          = 0x98f9000
brk(0)                                  = 0x98f9000
brk(0x992b000)                          = 0x992b000
brk(0)                                  = 0x992b000
brk(0x995d000)                          = 0x995d000
brk(0)                                  = 0x995d000
brk(0x998f000)                          = 0x998f000
brk(0)                                  = 0x998f000
brk(0x99c1000)                          = 0x99c1000
brk(0)                                  = 0x99c1000
brk(0x99f3000)                          = 0x99f3000
brk(0)                                  = 0x99f3000
brk(0x9a25000)                          = 0x9a25000
brk(0)                                  = 0x9a25000
brk(0x9a57000)                          = 0x9a57000
brk(0)                                  = 0x9a57000
brk(0x9a89000)                          = 0x9a89000
brk(0)                                  = 0x9a89000
brk(0x9abb000)                          = 0x9abb000
brk(0)                                  = 0x9abb000
brk(0x9aed000)                          = 0x9aed000
brk(0)                                  = 0x9aed000
brk(0x9b1f000)                          = 0x9b1f000
brk(0)                                  = 0x9b1f000
brk(0x9b51000)                          = 0x9b51000
brk(0)                                  = 0x9b51000
brk(0x9b83000)                          = 0x9b83000
brk(0)                                  = 0x9b83000
brk(0x9bb5000)                          = 0x9bb5000
brk(0)                                  = 0x9bb5000
brk(0x9be7000)                          = 0x9be7000
brk(0)                                  = 0x9be7000
brk(0x9c19000)                          = 0x9c19000
brk(0)                                  = 0x9c19000
brk(0x9c4b000)                          = 0x9c4b000
brk(0)                                  = 0x9c4b000
brk(0x9c7d000)                          = 0x9c7d000
brk(0)                                  = 0x9c7d000
brk(0x9caf000)                          = 0x9caf000
brk(0)                                  = 0x9caf000
brk(0x9ce1000)                          = 0x9ce1000
brk(0)                                  = 0x9ce1000
brk(0x9d13000)                          = 0x9d13000
brk(0)                                  = 0x9d13000
brk(0x9d45000)                          = 0x9d45000
brk(0)                                  = 0x9d45000
brk(0x9d77000)                          = 0x9d77000
brk(0)                                  = 0x9d77000
brk(0x9da9000)                          = 0x9da9000
brk(0)                                  = 0x9da9000
brk(0x9ddb000)                          = 0x9ddb000
brk(0)                                  = 0x9ddb000
brk(0x9e0d000)                          = 0x9e0d000
brk(0)                                  = 0x9e0d000
brk(0x9e3f000)                          = 0x9e3f000
brk(0)                                  = 0x9e3f000
brk(0x9e71000)                          = 0x9e71000
brk(0)                                  = 0x9e71000
brk(0x9ea3000)                          = 0x9ea3000
brk(0)                                  = 0x9ea3000
brk(0x9ed5000)                          = 0x9ed5000
brk(0)                                  = 0x9ed5000
brk(0x9f07000)                          = 0x9f07000
brk(0)                                  = 0x9f07000
brk(0x9f39000)                          = 0x9f39000
brk(0)                                  = 0x9f39000
brk(0x9f6b000)                          = 0x9f6b000
brk(0)                                  = 0x9f6b000
brk(0x9f9d000)                          = 0x9f9d000
brk(0)                                  = 0x9f9d000
brk(0x9fcf000)                          = 0x9fcf000
brk(0)                                  = 0x9fcf000
brk(0xa001000)                          = 0xa001000
brk(0)                                  = 0xa001000
brk(0xa033000)                          = 0xa033000
brk(0)                                  = 0xa033000
brk(0xa065000)                          = 0xa065000
brk(0)                                  = 0xa065000
brk(0xa097000)                          = 0xa097000
brk(0)                                  = 0xa097000
brk(0xa0c9000)                          = 0xa0c9000
brk(0)                                  = 0xa0c9000
brk(0xa0fb000)                          = 0xa0fb000
brk(0)                                  = 0xa0fb000
brk(0xa12d000)                          = 0xa12d000
brk(0)                                  = 0xa12d000
brk(0xa15f000)                          = 0xa15f000
brk(0)                                  = 0xa15f000
brk(0xa191000)                          = 0xa191000
brk(0)                                  = 0xa191000
brk(0xa1c3000)                          = 0xa1c3000
brk(0)                                  = 0xa1c3000
brk(0xa1f5000)                          = 0xa1f5000
brk(0)                                  = 0xa1f5000
brk(0xa227000)                          = 0xa227000
brk(0)                                  = 0xa227000
brk(0xa259000)                          = 0xa259000
brk(0)                                  = 0xa259000
brk(0xa28b000)                          = 0xa28b000
brk(0)                                  = 0xa28b000
brk(0xa2bd000)                          = 0xa2bd000
brk(0)                                  = 0xa2bd000
brk(0xa2ef000)                          = 0xa2ef000
brk(0)                                  = 0xa2ef000
brk(0xa321000)                          = 0xa321000
brk(0)                                  = 0xa321000
brk(0xa353000)                          = 0xa353000
brk(0)                                  = 0xa353000
brk(0xa385000)                          = 0xa385000
brk(0)                                  = 0xa385000
brk(0xa3b7000)                          = 0xa3b7000
brk(0)                                  = 0xa3b7000
brk(0xa3e9000)                          = 0xa3e9000
brk(0)                                  = 0xa3e9000
brk(0xa41b000)                          = 0xa41b000
brk(0)                                  = 0xa41b000
brk(0xa44d000)                          = 0xa44d000
brk(0)                                  = 0xa44d000
brk(0xa47f000)                          = 0xa47f000
brk(0)                                  = 0xa47f000
brk(0xa4b1000)                          = 0xa4b1000
brk(0)                                  = 0xa4b1000
brk(0xa4e3000)                          = 0xa4e3000
brk(0)                                  = 0xa4e3000
brk(0xa515000)                          = 0xa515000
brk(0)                                  = 0xa515000
brk(0xa547000)                          = 0xa547000
brk(0)                                  = 0xa547000
brk(0xa579000)                          = 0xa579000
brk(0)                                  = 0xa579000
brk(0xa5ab000)                          = 0xa5ab000
brk(0)                                  = 0xa5ab000
brk(0xa5dd000)                          = 0xa5dd000
brk(0)                                  = 0xa5dd000
brk(0xa60f000)                          = 0xa60f000
brk(0)                                  = 0xa60f000
brk(0xa641000)                          = 0xa641000
brk(0)                                  = 0xa641000
brk(0xa673000)                          = 0xa673000
brk(0)                                  = 0xa673000
brk(0xa6a5000)                          = 0xa6a5000
brk(0)                                  = 0xa6a5000
brk(0xa6d7000)                          = 0xa6d7000
brk(0)                                  = 0xa6d7000
brk(0xa709000)                          = 0xa709000
brk(0)                                  = 0xa709000
brk(0xa73b000)                          = 0xa73b000
brk(0)                                  = 0xa73b000
brk(0xa76d000)                          = 0xa76d000
brk(0)                                  = 0xa76d000
brk(0xa79f000)                          = 0xa79f000
brk(0)                                  = 0xa79f000
brk(0xa7d1000)                          = 0xa7d1000
brk(0)                                  = 0xa7d1000
brk(0xa803000)                          = 0xa803000
brk(0)                                  = 0xa803000
brk(0xa835000)                          = 0xa835000
brk(0)                                  = 0xa835000
brk(0xa867000)                          = 0xa867000
brk(0)                                  = 0xa867000
brk(0xa899000)                          = 0xa899000
brk(0)                                  = 0xa899000
brk(0xa8cb000)                          = 0xa8cb000
brk(0)                                  = 0xa8cb000
brk(0xa8fd000)                          = 0xa8fd000
brk(0)                                  = 0xa8fd000
brk(0xa92f000)                          = 0xa92f000
brk(0)                                  = 0xa92f000
brk(0xa961000)                          = 0xa961000
brk(0)                                  = 0xa961000
brk(0xa993000)                          = 0xa993000
brk(0)                                  = 0xa993000
brk(0xa9c5000)                          = 0xa9c5000
brk(0)                                  = 0xa9c5000
brk(0xa9f7000)                          = 0xa9f7000
brk(0)                                  = 0xa9f7000
brk(0xaa29000)                          = 0xaa29000
brk(0)                                  = 0xaa29000
brk(0xaa5b000)                          = 0xaa5b000
brk(0)                                  = 0xaa5b000
brk(0xaa8d000)                          = 0xaa8d000
brk(0)                                  = 0xaa8d000
brk(0xaabf000)                          = 0xaabf000
brk(0)                                  = 0xaabf000
brk(0xaaf1000)                          = 0xaaf1000
brk(0)                                  = 0xaaf1000
brk(0xab23000)                          = 0xab23000
brk(0)                                  = 0xab23000
brk(0xab55000)                          = 0xab55000
brk(0)                                  = 0xab55000
brk(0xab87000)                          = 0xab87000
brk(0)                                  = 0xab87000
brk(0xabb9000)                          = 0xabb9000
brk(0)                                  = 0xabb9000
brk(0xabeb000)                          = 0xabeb000
brk(0)                                  = 0xabeb000
brk(0xac1d000)                          = 0xac1d000
brk(0)                                  = 0xac1d000
brk(0xac4f000)                          = 0xac4f000
brk(0)                                  = 0xac4f000
brk(0xac81000)                          = 0xac81000
brk(0)                                  = 0xac81000
brk(0xacb3000)                          = 0xacb3000
brk(0)                                  = 0xacb3000
brk(0xace5000)                          = 0xace5000
brk(0)                                  = 0xace5000
brk(0xad17000)                          = 0xad17000
brk(0)                                  = 0xad17000
brk(0xad49000)                          = 0xad49000
brk(0)                                  = 0xad49000
brk(0xad7b000)                          = 0xad7b000
brk(0)                                  = 0xad7b000
brk(0xadad000)                          = 0xadad000
brk(0)                                  = 0xadad000
brk(0xaddf000)                          = 0xaddf000
brk(0)                                  = 0xaddf000
brk(0xae11000)                          = 0xae11000
brk(0)                                  = 0xae11000
brk(0xae43000)                          = 0xae43000
brk(0)                                  = 0xae43000
brk(0xae75000)                          = 0xae75000
brk(0)                                  = 0xae75000
brk(0xaea7000)                          = 0xaea7000
brk(0)                                  = 0xaea7000
brk(0xaed9000)                          = 0xaed9000
brk(0)                                  = 0xaed9000
brk(0xaf0b000)                          = 0xaf0b000
brk(0)                                  = 0xaf0b000
brk(0xaf3d000)                          = 0xaf3d000
brk(0)                                  = 0xaf3d000
brk(0xaf6f000)                          = 0xaf6f000
brk(0)                                  = 0xaf6f000
brk(0xafa1000)                          = 0xafa1000
brk(0)                                  = 0xafa1000
brk(0xafd3000)                          = 0xafd3000
brk(0)                                  = 0xafd3000
brk(0xb005000)                          = 0xb005000
brk(0)                                  = 0xb005000
brk(0xb037000)                          = 0xb037000
brk(0)                                  = 0xb037000
brk(0xb069000)                          = 0xb069000
brk(0)                                  = 0xb069000
brk(0xb09b000)                          = 0xb09b000
brk(0)                                  = 0xb09b000
brk(0xb0cd000)                          = 0xb0cd000
brk(0)                                  = 0xb0cd000
brk(0xb0ff000)                          = 0xb0ff000
brk(0)                                  = 0xb0ff000
brk(0xb131000)                          = 0xb131000
brk(0)                                  = 0xb131000
brk(0xb163000)                          = 0xb163000
brk(0)                                  = 0xb163000
brk(0xb195000)                          = 0xb195000
brk(0)                                  = 0xb195000
brk(0xb1c7000)                          = 0xb1c7000
brk(0)                                  = 0xb1c7000
brk(0xb1f9000)                          = 0xb1f9000
brk(0)                                  = 0xb1f9000
brk(0xb22b000)                          = 0xb22b000
brk(0)                                  = 0xb22b000
brk(0xb25d000)                          = 0xb25d000
brk(0)                                  = 0xb25d000
brk(0xb28f000)                          = 0xb28f000
brk(0)                                  = 0xb28f000
brk(0xb2c1000)                          = 0xb2c1000
brk(0)                                  = 0xb2c1000
brk(0xb2f3000)                          = 0xb2f3000
brk(0)                                  = 0xb2f3000
brk(0xb325000)                          = 0xb325000
brk(0)                                  = 0xb325000
brk(0xb357000)                          = 0xb357000
brk(0)                                  = 0xb357000
brk(0xb389000)                          = 0xb389000
brk(0)                                  = 0xb389000
brk(0xb3bb000)                          = 0xb3bb000
brk(0)                                  = 0xb3bb000
brk(0xb3ed000)                          = 0xb3ed000
brk(0)                                  = 0xb3ed000
brk(0xb41f000)                          = 0xb41f000
brk(0)                                  = 0xb41f000
brk(0xb452000)                          = 0xb452000
brk(0)                                  = 0xb452000
brk(0xb484000)                          = 0xb484000
brk(0)                                  = 0xb484000
brk(0xb4b6000)                          = 0xb4b6000
brk(0)                                  = 0xb4b6000
brk(0xb4e8000)                          = 0xb4e8000
brk(0)                                  = 0xb4e8000
brk(0xb51a000)                          = 0xb51a000
brk(0)                                  = 0xb51a000
brk(0xb54c000)                          = 0xb54c000
brk(0)                                  = 0xb54c000
brk(0xb57e000)                          = 0xb57e000
brk(0)                                  = 0xb57e000
brk(0xb5b0000)                          = 0xb5b0000
brk(0)                                  = 0xb5b0000
brk(0xb5e2000)                          = 0xb5e2000
brk(0)                                  = 0xb5e2000
brk(0xb614000)                          = 0xb614000
brk(0)                                  = 0xb614000
brk(0xb646000)                          = 0xb646000
brk(0)                                  = 0xb646000
brk(0xb678000)                          = 0xb678000
brk(0)                                  = 0xb678000
brk(0xb6aa000)                          = 0xb6aa000
brk(0)                                  = 0xb6aa000
brk(0xb6dc000)                          = 0xb6dc000
brk(0)                                  = 0xb6dc000
brk(0xb70e000)                          = 0xb70e000
brk(0)                                  = 0xb70e000
brk(0xb740000)                          = 0xb740000
brk(0)                                  = 0xb740000
brk(0xb772000)                          = 0xb772000
brk(0)                                  = 0xb772000
brk(0xb7a4000)                          = 0xb7a4000
brk(0)                                  = 0xb7a4000
brk(0xb7d6000)                          = 0xb7d6000
brk(0)                                  = 0xb7d6000
brk(0xb808000)                          = 0xb808000
brk(0)                                  = 0xb808000
brk(0xb83a000)                          = 0xb83a000
brk(0)                                  = 0xb83a000
brk(0xb86c000)                          = 0xb86c000
brk(0)                                  = 0xb86c000
brk(0xb89e000)                          = 0xb89e000
brk(0)                                  = 0xb89e000
brk(0xb8d0000)                          = 0xb8d0000
brk(0)                                  = 0xb8d0000
brk(0xb902000)                          = 0xb902000
brk(0)                                  = 0xb902000
brk(0xb934000)                          = 0xb934000
brk(0)                                  = 0xb934000
brk(0xb966000)                          = 0xb966000
brk(0)                                  = 0xb966000
brk(0xb998000)                          = 0xb998000
brk(0)                                  = 0xb998000
brk(0xb9ca000)                          = 0xb9ca000
brk(0)                                  = 0xb9ca000
brk(0xb9fc000)                          = 0xb9fc000
brk(0)                                  = 0xb9fc000
brk(0xba2e000)                          = 0xba2e000
brk(0)                                  = 0xba2e000
brk(0xba60000)                          = 0xba60000
brk(0)                                  = 0xba60000
brk(0xba92000)                          = 0xba92000
brk(0)                                  = 0xba92000
brk(0xbac4000)                          = 0xbac4000
brk(0)                                  = 0xbac4000
brk(0xbaf6000)                          = 0xbaf6000
brk(0)                                  = 0xbaf6000
brk(0xbb28000)                          = 0xbb28000
brk(0)                                  = 0xbb28000
brk(0xbb5a000)                          = 0xbb5a000
brk(0)                                  = 0xbb5a000
brk(0xbb8c000)                          = 0xbb8c000
brk(0)                                  = 0xbb8c000
brk(0xbbbe000)                          = 0xbbbe000
brk(0)                                  = 0xbbbe000
brk(0xbbf0000)                          = 0xbbf0000
brk(0)                                  = 0xbbf0000
brk(0xbc22000)                          = 0xbc22000
brk(0)                                  = 0xbc22000
brk(0xbc54000)                          = 0xbc54000
brk(0)                                  = 0xbc54000
brk(0xbc86000)                          = 0xbc86000
brk(0)                                  = 0xbc86000
brk(0xbcb8000)                          = 0xbcb8000
brk(0)                                  = 0xbcb8000
brk(0xbcea000)                          = 0xbcea000
brk(0)                                  = 0xbcea000
brk(0xbd1c000)                          = 0xbd1c000
brk(0)                                  = 0xbd1c000
brk(0xbd4e000)                          = 0xbd4e000
brk(0)                                  = 0xbd4e000
brk(0xbd80000)                          = 0xbd80000
brk(0)                                  = 0xbd80000
brk(0xbdb2000)                          = 0xbdb2000
brk(0)                                  = 0xbdb2000
brk(0xbde4000)                          = 0xbde4000
brk(0)                                  = 0xbde4000
brk(0xbe16000)                          = 0xbe16000
brk(0)                                  = 0xbe16000
brk(0xbe48000)                          = 0xbe48000
brk(0)                                  = 0xbe48000
brk(0xbe7a000)                          = 0xbe7a000
brk(0)                                  = 0xbe7a000
brk(0xbeac000)                          = 0xbeac000
brk(0)                                  = 0xbeac000
brk(0xbede000)                          = 0xbede000
brk(0)                                  = 0xbede000
brk(0xbf10000)                          = 0xbf10000
brk(0)                                  = 0xbf10000
brk(0xbf42000)                          = 0xbf42000
brk(0)                                  = 0xbf42000
brk(0xbf74000)                          = 0xbf74000
brk(0)                                  = 0xbf74000
brk(0xbfa6000)                          = 0xbfa6000
brk(0)                                  = 0xbfa6000
brk(0xbfd8000)                          = 0xbfd8000
brk(0)                                  = 0xbfd8000
brk(0xc00a000)                          = 0xc00a000
brk(0)                                  = 0xc00a000
brk(0xc03c000)                          = 0xc03c000
brk(0)                                  = 0xc03c000
brk(0xc06e000)                          = 0xc06e000
brk(0)                                  = 0xc06e000
brk(0xc0a0000)                          = 0xc0a0000
brk(0)                                  = 0xc0a0000
brk(0xc0d2000)                          = 0xc0d2000
brk(0)                                  = 0xc0d2000
brk(0xc104000)                          = 0xc104000
brk(0)                                  = 0xc104000
brk(0xc136000)                          = 0xc136000
brk(0)                                  = 0xc136000
brk(0xc168000)                          = 0xc168000
brk(0)                                  = 0xc168000
brk(0xc19a000)                          = 0xc19a000
brk(0)                                  = 0xc19a000
brk(0xc1cc000)                          = 0xc1cc000
brk(0)                                  = 0xc1cc000
brk(0xc1fe000)                          = 0xc1fe000
brk(0)                                  = 0xc1fe000
brk(0xc230000)                          = 0xc230000
brk(0)                                  = 0xc230000
brk(0xc262000)                          = 0xc262000
brk(0)                                  = 0xc262000
brk(0xc294000)                          = 0xc294000
brk(0)                                  = 0xc294000
brk(0xc2c6000)                          = 0xc2c6000
brk(0)                                  = 0xc2c6000
brk(0xc2f8000)                          = 0xc2f8000
brk(0)                                  = 0xc2f8000
brk(0xc32a000)                          = 0xc32a000
brk(0)                                  = 0xc32a000
brk(0xc35c000)                          = 0xc35c000
brk(0)                                  = 0xc35c000
brk(0xc38e000)                          = 0xc38e000
brk(0)                                  = 0xc38e000
brk(0xc3c0000)                          = 0xc3c0000
brk(0)                                  = 0xc3c0000
brk(0xc3f2000)                          = 0xc3f2000
brk(0)                                  = 0xc3f2000
brk(0xc424000)                          = 0xc424000
brk(0)                                  = 0xc424000
brk(0xc456000)                          = 0xc456000
brk(0)                                  = 0xc456000
brk(0xc488000)                          = 0xc488000
brk(0)                                  = 0xc488000
brk(0xc4ba000)                          = 0xc4ba000
brk(0)                                  = 0xc4ba000
brk(0xc4ec000)                          = 0xc4ec000
brk(0)                                  = 0xc4ec000
brk(0xc51e000)                          = 0xc51e000
brk(0)                                  = 0xc51e000
brk(0xc550000)                          = 0xc550000
brk(0)                                  = 0xc550000
brk(0xc582000)                          = 0xc582000
brk(0)                                  = 0xc582000
brk(0xc5b4000)                          = 0xc5b4000
brk(0)                                  = 0xc5b4000
brk(0xc5e6000)                          = 0xc5e6000
brk(0)                                  = 0xc5e6000
brk(0xc618000)                          = 0xc618000
brk(0)                                  = 0xc618000
brk(0xc64a000)                          = 0xc64a000
brk(0)                                  = 0xc64a000
brk(0xc67c000)                          = 0xc67c000
brk(0)                                  = 0xc67c000
brk(0xc6ae000)                          = 0xc6ae000
brk(0)                                  = 0xc6ae000
brk(0xc6e0000)                          = 0xc6e0000
brk(0)                                  = 0xc6e0000
brk(0xc712000)                          = 0xc712000
brk(0)                                  = 0xc712000
brk(0xc744000)                          = 0xc744000
brk(0)                                  = 0xc744000
brk(0xc776000)                          = 0xc776000
brk(0)                                  = 0xc776000
brk(0xc7a8000)                          = 0xc7a8000
brk(0)                                  = 0xc7a8000
brk(0xc7da000)                          = 0xc7da000
brk(0)                                  = 0xc7da000
brk(0xc80c000)                          = 0xc80c000
brk(0)                                  = 0xc80c000
brk(0xc83e000)                          = 0xc83e000
brk(0)                                  = 0xc83e000
brk(0xc870000)                          = 0xc870000
brk(0)                                  = 0xc870000
brk(0xc8a2000)                          = 0xc8a2000
brk(0)                                  = 0xc8a2000
brk(0xc8d4000)                          = 0xc8d4000
brk(0)                                  = 0xc8d4000
brk(0xc906000)                          = 0xc906000
brk(0)                                  = 0xc906000
brk(0xc938000)                          = 0xc938000
brk(0)                                  = 0xc938000
brk(0xc96a000)                          = 0xc96a000
brk(0)                                  = 0xc96a000
brk(0xc99c000)                          = 0xc99c000
brk(0)                                  = 0xc99c000
brk(0xc9ce000)                          = 0xc9ce000
brk(0)                                  = 0xc9ce000
brk(0xca00000)                          = 0xca00000
brk(0)                                  = 0xca00000
brk(0xca32000)                          = 0xca32000
brk(0)                                  = 0xca32000
brk(0xca64000)                          = 0xca64000
brk(0)                                  = 0xca64000
brk(0xca96000)                          = 0xca96000
brk(0)                                  = 0xca96000
brk(0xcac8000)                          = 0xcac8000
brk(0)                                  = 0xcac8000
brk(0xcafa000)                          = 0xcafa000
brk(0)                                  = 0xcafa000
brk(0xcb2c000)                          = 0xcb2c000
brk(0)                                  = 0xcb2c000
brk(0xcb5e000)                          = 0xcb5e000
brk(0)                                  = 0xcb5e000
brk(0xcb90000)                          = 0xcb90000
brk(0)                                  = 0xcb90000
brk(0xcbc2000)                          = 0xcbc2000
brk(0)                                  = 0xcbc2000
brk(0xcbf4000)                          = 0xcbf4000
brk(0)                                  = 0xcbf4000
brk(0xcc26000)                          = 0xcc26000
brk(0)                                  = 0xcc26000
brk(0xcc58000)                          = 0xcc58000
brk(0)                                  = 0xcc58000
brk(0xcc8a000)                          = 0xcc8a000
brk(0)                                  = 0xcc8a000
brk(0xccbc000)                          = 0xccbc000
brk(0)                                  = 0xccbc000
brk(0xccee000)                          = 0xccee000
brk(0)                                  = 0xccee000
brk(0xcd20000)                          = 0xcd20000
brk(0)                                  = 0xcd20000
brk(0xcd52000)                          = 0xcd52000
brk(0)                                  = 0xcd52000
brk(0xcd84000)                          = 0xcd84000
brk(0)                                  = 0xcd84000
brk(0xcdb6000)                          = 0xcdb6000
brk(0)                                  = 0xcdb6000
brk(0xcde8000)                          = 0xcde8000
brk(0)                                  = 0xcde8000
brk(0xce1a000)                          = 0xce1a000
brk(0)                                  = 0xce1a000
brk(0xce4c000)                          = 0xce4c000
brk(0)                                  = 0xce4c000
brk(0xce7e000)                          = 0xce7e000
brk(0)                                  = 0xce7e000
brk(0xceb0000)                          = 0xceb0000
brk(0)                                  = 0xceb0000
brk(0xcee2000)                          = 0xcee2000
brk(0)                                  = 0xcee2000
brk(0xcf14000)                          = 0xcf14000
brk(0)                                  = 0xcf14000
brk(0xcf46000)                          = 0xcf46000
brk(0)                                  = 0xcf46000
brk(0xcf78000)                          = 0xcf78000
brk(0)                                  = 0xcf78000
brk(0xcfaa000)                          = 0xcfaa000
brk(0)                                  = 0xcfaa000
brk(0xcfdc000)                          = 0xcfdc000
brk(0)                                  = 0xcfdc000
brk(0xd00e000)                          = 0xd00e000
brk(0)                                  = 0xd00e000
brk(0xd040000)                          = 0xd040000
brk(0)                                  = 0xd040000
brk(0xd072000)                          = 0xd072000
brk(0)                                  = 0xd072000
brk(0xd0a4000)                          = 0xd0a4000
brk(0)                                  = 0xd0a4000
brk(0xd0d6000)                          = 0xd0d6000
brk(0)                                  = 0xd0d6000
brk(0xd108000)                          = 0xd108000
brk(0)                                  = 0xd108000
brk(0xd13a000)                          = 0xd13a000
brk(0)                                  = 0xd13a000
brk(0xd16c000)                          = 0xd16c000
brk(0)                                  = 0xd16c000
brk(0xd19e000)                          = 0xd19e000
brk(0)                                  = 0xd19e000
brk(0xd1d0000)                          = 0xd1d0000
brk(0)                                  = 0xd1d0000
brk(0xd202000)                          = 0xd202000
brk(0)                                  = 0xd202000
brk(0xd234000)                          = 0xd234000
brk(0)                                  = 0xd234000
brk(0xd266000)                          = 0xd266000
brk(0)                                  = 0xd266000
brk(0xd298000)                          = 0xd298000
brk(0)                                  = 0xd298000
brk(0xd2ca000)                          = 0xd2ca000
brk(0)                                  = 0xd2ca000
brk(0xd2fc000)                          = 0xd2fc000
brk(0)                                  = 0xd2fc000
brk(0xd32e000)                          = 0xd32e000
brk(0)                                  = 0xd32e000
brk(0xd360000)                          = 0xd360000
brk(0)                                  = 0xd360000
brk(0xd392000)                          = 0xd392000
brk(0)                                  = 0xd392000
brk(0xd3c4000)                          = 0xd3c4000
brk(0)                                  = 0xd3c4000
brk(0xd3f6000)                          = 0xd3f6000
brk(0)                                  = 0xd3f6000
brk(0xd428000)                          = 0xd428000
brk(0)                                  = 0xd428000
brk(0xd45a000)                          = 0xd45a000
brk(0)                                  = 0xd45a000
brk(0xd48c000)                          = 0xd48c000
brk(0)                                  = 0xd48c000
brk(0xd4be000)                          = 0xd4be000
brk(0)                                  = 0xd4be000
brk(0xd4f0000)                          = 0xd4f0000
brk(0)                                  = 0xd4f0000
brk(0xd522000)                          = 0xd522000
brk(0)                                  = 0xd522000
brk(0xd554000)                          = 0xd554000
brk(0)                                  = 0xd554000
brk(0xd586000)                          = 0xd586000
brk(0)                                  = 0xd586000
brk(0xd5b8000)                          = 0xd5b8000
brk(0)                                  = 0xd5b8000
brk(0xd5ea000)                          = 0xd5ea000
brk(0)                                  = 0xd5ea000
brk(0xd61c000)                          = 0xd61c000
brk(0)                                  = 0xd61c000
brk(0xd64e000)                          = 0xd64e000
brk(0)                                  = 0xd64e000
brk(0xd680000)                          = 0xd680000
brk(0)                                  = 0xd680000
brk(0xd6b2000)                          = 0xd6b2000
brk(0)                                  = 0xd6b2000
brk(0xd6e4000)                          = 0xd6e4000
brk(0)                                  = 0xd6e4000
brk(0xd716000)                          = 0xd716000
brk(0)                                  = 0xd716000
brk(0xd748000)                          = 0xd748000
brk(0)                                  = 0xd748000
brk(0xd77a000)                          = 0xd77a000
brk(0)                                  = 0xd77a000
brk(0xd7ac000)                          = 0xd7ac000
brk(0)                                  = 0xd7ac000
brk(0xd7de000)                          = 0xd7de000
brk(0)                                  = 0xd7de000
brk(0xd810000)                          = 0xd810000
brk(0)                                  = 0xd810000
brk(0xd842000)                          = 0xd842000
brk(0)                                  = 0xd842000
brk(0xd874000)                          = 0xd874000
brk(0)                                  = 0xd874000
brk(0xd8a6000)                          = 0xd8a6000
brk(0)                                  = 0xd8a6000
brk(0xd8d8000)                          = 0xd8d8000
brk(0)                                  = 0xd8d8000
brk(0xd90a000)                          = 0xd90a000
brk(0)                                  = 0xd90a000
brk(0xd93c000)                          = 0xd93c000
brk(0)                                  = 0xd93c000
brk(0xd96e000)                          = 0xd96e000
brk(0)                                  = 0xd96e000
brk(0xd9a0000)                          = 0xd9a0000
brk(0)                                  = 0xd9a0000
brk(0xd9d2000)                          = 0xd9d2000
brk(0)                                  = 0xd9d2000
brk(0xda04000)                          = 0xda04000
brk(0)                                  = 0xda04000
brk(0xda36000)                          = 0xda36000
brk(0)                                  = 0xda36000
brk(0xda68000)                          = 0xda68000
brk(0)                                  = 0xda68000
brk(0xda9a000)                          = 0xda9a000
brk(0)                                  = 0xda9a000
brk(0xdacc000)                          = 0xdacc000
brk(0)                                  = 0xdacc000
brk(0xdafe000)                          = 0xdafe000
brk(0)                                  = 0xdafe000
brk(0xdb30000)                          = 0xdb30000
brk(0)                                  = 0xdb30000
brk(0xdb62000)                          = 0xdb62000
brk(0)                                  = 0xdb62000
brk(0xdb94000)                          = 0xdb94000
brk(0)                                  = 0xdb94000
brk(0xdbc6000)                          = 0xdbc6000
brk(0)                                  = 0xdbc6000
brk(0xdbf8000)                          = 0xdbf8000
brk(0)                                  = 0xdbf8000
brk(0xdc2a000)                          = 0xdc2a000
brk(0)                                  = 0xdc2a000
brk(0xdc5c000)                          = 0xdc5c000
brk(0)                                  = 0xdc5c000
brk(0xdc8e000)                          = 0xdc8e000
brk(0)                                  = 0xdc8e000
brk(0xdcc0000)                          = 0xdcc0000
brk(0)                                  = 0xdcc0000
brk(0xdcf2000)                          = 0xdcf2000
brk(0)                                  = 0xdcf2000
brk(0xdd24000)                          = 0xdd24000
brk(0)                                  = 0xdd24000
brk(0xdd56000)                          = 0xdd56000
brk(0)                                  = 0xdd56000
brk(0xdd88000)                          = 0xdd88000
brk(0)                                  = 0xdd88000
brk(0xddba000)                          = 0xddba000
brk(0)                                  = 0xddba000
brk(0xddec000)                          = 0xddec000
brk(0)                                  = 0xddec000
brk(0xde1e000)                          = 0xde1e000
brk(0)                                  = 0xde1e000
brk(0xde50000)                          = 0xde50000
brk(0)                                  = 0xde50000
brk(0xde82000)                          = 0xde82000
brk(0)                                  = 0xde82000
brk(0xdeb4000)                          = 0xdeb4000
brk(0)                                  = 0xdeb4000
brk(0xdee6000)                          = 0xdee6000
brk(0)                                  = 0xdee6000
brk(0xdf18000)                          = 0xdf18000
brk(0)                                  = 0xdf18000
brk(0xdf4a000)                          = 0xdf4a000
brk(0)                                  = 0xdf4a000
brk(0xdf7c000)                          = 0xdf7c000
brk(0)                                  = 0xdf7c000
brk(0xdfae000)                          = 0xdfae000
brk(0)                                  = 0xdfae000
brk(0xdfe0000)                          = 0xdfe0000
brk(0)                                  = 0xdfe0000
brk(0xe012000)                          = 0xe012000
brk(0)                                  = 0xe012000
brk(0xe044000)                          = 0xe044000
brk(0)                                  = 0xe044000
brk(0xe076000)                          = 0xe076000
brk(0)                                  = 0xe076000
brk(0xe0a8000)                          = 0xe0a8000
brk(0)                                  = 0xe0a8000
brk(0xe0da000)                          = 0xe0da000
brk(0)                                  = 0xe0da000
brk(0xe10c000)                          = 0xe10c000
brk(0)                                  = 0xe10c000
brk(0xe13e000)                          = 0xe13e000
brk(0)                                  = 0xe13e000
brk(0xe170000)                          = 0xe170000
brk(0)                                  = 0xe170000
brk(0xe1a2000)                          = 0xe1a2000
brk(0)                                  = 0xe1a2000
brk(0xe1d4000)                          = 0xe1d4000
brk(0)                                  = 0xe1d4000
brk(0xe206000)                          = 0xe206000
brk(0)                                  = 0xe206000
brk(0xe238000)                          = 0xe238000
brk(0)                                  = 0xe238000
brk(0xe26a000)                          = 0xe26a000
brk(0)                                  = 0xe26a000
brk(0xe29c000)                          = 0xe29c000
brk(0)                                  = 0xe29c000
brk(0xe2ce000)                          = 0xe2ce000
brk(0)                                  = 0xe2ce000
brk(0xe300000)                          = 0xe300000
brk(0)                                  = 0xe300000
brk(0)                                  = 0xe300000
brk(0x8156000)                          = 0x8156000
brk(0)                                  = 0x8156000
+++ exited with 0 +++
