brk(0)                                  = 0xbf896000
mmap2(NULL, 4096, PROT_READ|PROT_WRITE, MAP_PRIVATE|MAP_ANONYMOUS, -1, 0) = 0xb778f000
mmap2(NULL, 95800, PROT_READ, MAP_PRIVATE, 3, 0) = 0xb7777000
mmap2(0x4226d000, 1825436, PROT_READ|PROT_EXEC, MAP_PRIVATE|MAP_DENYWRITE, 3, 0) = 0x4226d000
mmap2(0x42425000, 12288, PROT_READ|PROT_WRITE, MAP_PRIVATE|MAP_FIXED|MAP_DENYWRITE, 3, 0x1b8000) = 0x42425000
mmap2(0x42428000, 10908, PROT_READ|PROT_WRITE, MAP_PRIVATE|MAP_FIXED|MAP_ANONYMOUS, -1, 0) = 0x42428000
mmap2(NULL, 4096, PROT_READ|PROT_WRITE, MAP_PRIVATE|MAP_ANONYMOUS, -1, 0) = 0xb7776000
mprotect(0x42425000, 8192, PROT_READ)   = 0
mprotect(0x8049000, 4096, PROT_READ)    = 0
mprotect(0x42269000, 4096, PROT_READ)   = 0
munmap(0xb7777000, 95800)               = 0
brk(0)                                  = 0xbf896000
brk(0xbf8b7000)                         = 0xbf8b7000
brk(0)                                  = 0xbf8b7000
mmap2(NULL, 4096, PROT_READ|PROT_WRITE, MAP_PRIVATE|MAP_ANONYMOUS, -1, 0) = 0xb778e000
brk(0)                                  = 0xbf8b7000
brk(0xbf8e9000)                         = 0xbf8e9000
brk(0)                                  = 0xbf8e9000
brk(0xbf91b000)                         = 0xbf91b000
brk(0)                                  = 0xbf91b000
brk(0xbf94d000)                         = 0xbf94d000
brk(0)                                  = 0xbf94d000
brk(0xbf97f000)                         = 0xbf97f000
brk(0)                                  = 0xbf97f000
brk(0xbf9b2000)                         = 0xbf9b2000
brk(0)                                  = 0xbf9b2000
brk(0xbf9e4000)                         = 0xbf9e4000
brk(0)                                  = 0xbf9e4000
brk(0xbfa16000)                         = 0xbfa16000
brk(0)                                  = 0xbfa16000
brk(0xbfa48000)                         = 0xbfa48000
brk(0)                                  = 0xbfa48000
brk(0xbfa7a000)                         = 0xbfa7a000
brk(0)                                  = 0xbfa7a000
brk(0xbfaac000)                         = 0xbfaac000
brk(0)                                  = 0xbfaac000
brk(0xbfade000)                         = 0xbfade000
brk(0)                                  = 0xbfade000
brk(0xbfb10000)                         = 0xbfb10000
brk(0)                                  = 0xbfb10000
brk(0xbfb42000)                         = 0xbfb42000
brk(0)                                  = 0xbfb42000
brk(0xbfb74000)                         = 0xbfb74000
brk(0)                                  = 0xbfb74000
brk(0xbfba6000)                         = 0xbfba6000
brk(0)                                  = 0xbfba6000
brk(0xbfbd8000)                         = 0xbfbd8000
brk(0)                                  = 0xbfbd8000
brk(0xbfc0a000)                         = 0xbfc0a000
brk(0)                                  = 0xbfc0a000
brk(0xbfc3c000)                         = 0xbfc3c000
brk(0)                                  = 0xbfc3c000
brk(0xbfc6e000)                         = 0xbfc6e000
brk(0)                                  = 0xbfc6e000
brk(0xbfca0000)                         = 0xbfca0000
brk(0)                                  = 0xbfca0000
brk(0xbfcd2000)                         = 0xbfcd2000
brk(0)                                  = 0xbfcd2000
brk(0xbfd04000)                         = 0xbfd04000
brk(0)                                  = 0xbfd04000
brk(0xbfd36000)                         = 0xbfd36000
brk(0)                                  = 0xbfd36000
brk(0xbfd68000)                         = 0xbfd68000
brk(0)                                  = 0xbfd68000
brk(0xbfd9a000)                         = 0xbfd9a000
brk(0)                                  = 0xbfd9a000
brk(0xbfdcc000)                         = 0xbfdcc000
brk(0)                                  = 0xbfdcc000
brk(0xbfdfe000)                         = 0xbfdfe000
brk(0)                                  = 0xbfdfe000
brk(0xbfe30000)                         = 0xbfe30000
brk(0)                                  = 0xbfe30000
brk(0xbfe62000)                         = 0xbfe62000
brk(0)                                  = 0xbfe62000
brk(0xbfe94000)                         = 0xbfe94000
brk(0)                                  = 0xbfe94000
brk(0xbfec6000)                         = 0xbfec6000
brk(0)                                  = 0xbfec6000
brk(0xbfef8000)                         = 0xbfef8000
brk(0)                                  = 0xbfef8000
brk(0xbff2a000)                         = 0xbff2a000
brk(0)                                  = 0xbff2a000
brk(0xbff5c000)                         = 0xbff5c000
brk(0)                                  = 0xbff5c000
brk(0xbff8e000)                         = 0xbff8e000
brk(0)                                  = 0xbff8e000
brk(0xbffc0000)                         = 0xbffc0000
brk(0)                                  = 0xbffc0000
brk(0xbfff2000)                         = 0xbffc0000
mmap2(NULL, 1048576, PROT_READ|PROT_WRITE, MAP_PRIVATE|MAP_ANONYMOUS, -1, 0) = 0xb7676000
brk(0)                                  = 0xbffc0000
brk(0xbfffa000)                         = 0xbffc0000
mmap2(NULL, 1048576, PROT_READ|PROT_WRITE, MAP_PRIVATE|MAP_ANONYMOUS, -1, 0) = 0xb7576000
brk(0)                                  = 0xbffc0000
brk(0xbfffa000)                         = 0xbffc0000
mmap2(NULL, 1048576, PROT_READ|PROT_WRITE, MAP_PRIVATE|MAP_ANONYMOUS, -1, 0) = 0xb7476000
brk(0)                                  = 0xbffc0000
brk(0xbfffa000)                         = 0xbffc0000
mmap2(NULL, 1048576, PROT_READ|PROT_WRITE, MAP_PRIVATE|MAP_ANONYMOUS, -1, 0) = 0xb7376000
brk(0)                                  = 0xbffc0000
brk(0xbfffa000)                         = 0xbffc0000
mmap2(NULL, 1048576, PROT_READ|PROT_WRITE, MAP_PRIVATE|MAP_ANONYMOUS, -1, 0) = 0xb7276000
brk(0)                                  = 0xbffc0000
brk(0xbfffa000)                         = 0xbffc0000
mmap2(NULL, 1048576, PROT_READ|PROT_WRITE, MAP_PRIVATE|MAP_ANONYMOUS, -1, 0) = 0xb7176000
brk(0)                                  = 0xbffc0000
brk(0xbfffa000)                         = 0xbffc0000
mmap2(NULL, 1048576, PROT_READ|PROT_WRITE, MAP_PRIVATE|MAP_ANONYMOUS, -1, 0) = 0xb7076000
brk(0)                                  = 0xbffc0000
brk(0xbfffa000)                         = 0xbffc0000
mmap2(NULL, 1048576, PROT_READ|PROT_WRITE, MAP_PRIVATE|MAP_ANONYMOUS, -1, 0) = 0xb6f76000
brk(0)                                  = 0xbffc0000
brk(0xbfffa000)                         = 0xbffc0000
mmap2(NULL, 1048576, PROT_READ|PROT_WRITE, MAP_PRIVATE|MAP_ANONYMOUS, -1, 0) = 0xb6e76000
brk(0)                                  = 0xbffc0000
brk(0xbfffa000)                         = 0xbffc0000
mmap2(NULL, 1048576, PROT_READ|PROT_WRITE, MAP_PRIVATE|MAP_ANONYMOUS, -1, 0) = 0xb6d76000
brk(0)                                  = 0xbffc0000
brk(0xbfffa000)                         = 0xbffc0000
mmap2(NULL, 1048576, PROT_READ|PROT_WRITE, MAP_PRIVATE|MAP_ANONYMOUS, -1, 0) = 0xb6c76000
brk(0)                                  = 0xbffc0000
brk(0xbfffa000)                         = 0xbffc0000
mmap2(NULL, 1048576, PROT_READ|PROT_WRITE, MAP_PRIVATE|MAP_ANONYMOUS, -1, 0) = 0xb6b76000
brk(0)                                  = 0xbffc0000
brk(0xbfffa000)                         = 0xbffc0000
mmap2(NULL, 1048576, PROT_READ|PROT_WRITE, MAP_PRIVATE|MAP_ANONYMOUS, -1, 0) = 0xb6a76000
brk(0)                                  = 0xbffc0000
brk(0xbfffa000)                         = 0xbffc0000
mmap2(NULL, 1048576, PROT_READ|PROT_WRITE, MAP_PRIVATE|MAP_ANONYMOUS, -1, 0) = 0xb6976000
brk(0)                                  = 0xbffc0000
brk(0xbfffa000)                         = 0xbffc0000
mmap2(NULL, 1048576, PROT_READ|PROT_WRITE, MAP_PRIVATE|MAP_ANONYMOUS, -1, 0) = 0xb6876000
brk(0)                                  = 0xbffc0000
brk(0xbfffa000)                         = 0xbffc0000
mmap2(NULL, 1048576, PROT_READ|PROT_WRITE, MAP_PRIVATE|MAP_ANONYMOUS, -1, 0) = 0xb6776000
brk(0)                                  = 0xbffc0000
brk(0xbfffa000)                         = 0xbffc0000
mmap2(NULL, 1048576, PROT_READ|PROT_WRITE, MAP_PRIVATE|MAP_ANONYMOUS, -1, 0) = 0xb6676000
brk(0)                                  = 0xbffc0000
brk(0xbfffa000)                         = 0xbffc0000
mmap2(NULL, 1048576, PROT_READ|PROT_WRITE, MAP_PRIVATE|MAP_ANONYMOUS, -1, 0) = 0xb6576000
brk(0)                                  = 0xbffc0000
brk(0xbfffa000)                         = 0xbffc0000
mmap2(NULL, 1048576, PROT_READ|PROT_WRITE, MAP_PRIVATE|MAP_ANONYMOUS, -1, 0) = 0xb6476000
brk(0)                                  = 0xbffc0000
brk(0xbfffa000)                         = 0xbffc0000
mmap2(NULL, 1048576, PROT_READ|PROT_WRITE, MAP_PRIVATE|MAP_ANONYMOUS, -1, 0) = 0xb6376000
brk(0)                                  = 0xbffc0000
brk(0xbfffa000)                         = 0xbffc0000
mmap2(NULL, 1048576, PROT_READ|PROT_WRITE, MAP_PRIVATE|MAP_ANONYMOUS, -1, 0) = 0xb6276000
brk(0)                                  = 0xbffc0000
brk(0xbfffa000)                         = 0xbffc0000
mmap2(NULL, 1048576, PROT_READ|PROT_WRITE, MAP_PRIVATE|MAP_ANONYMOUS, -1, 0) = 0xb6176000
brk(0)                                  = 0xbffc0000
brk(0xbfffa000)                         = 0xbffc0000
mmap2(NULL, 1048576, PROT_READ|PROT_WRITE, MAP_PRIVATE|MAP_ANONYMOUS, -1, 0) = 0xb6076000
brk(0)                                  = 0xbffc0000
brk(0xbfffa000)                         = 0xbffc0000
mmap2(NULL, 1048576, PROT_READ|PROT_WRITE, MAP_PRIVATE|MAP_ANONYMOUS, -1, 0) = 0xb5f76000
brk(0)                                  = 0xbffc0000
brk(0xbfffa000)                         = 0xbffc0000
mmap2(NULL, 1048576, PROT_READ|PROT_WRITE, MAP_PRIVATE|MAP_ANONYMOUS, -1, 0) = 0xb5e76000
brk(0)                                  = 0xbffc0000
brk(0xbfffa000)                         = 0xbffc0000
mmap2(NULL, 1048576, PROT_READ|PROT_WRITE, MAP_PRIVATE|MAP_ANONYMOUS, -1, 0) = 0xb5d76000
brk(0)                                  = 0xbffc0000
brk(0xbfffa000)                         = 0xbffc0000
mmap2(NULL, 1048576, PROT_READ|PROT_WRITE, MAP_PRIVATE|MAP_ANONYMOUS, -1, 0) = 0xb5c76000
brk(0)                                  = 0xbffc0000
brk(0xbfffa000)                         = 0xbffc0000
mmap2(NULL, 1048576, PROT_READ|PROT_WRITE, MAP_PRIVATE|MAP_ANONYMOUS, -1, 0) = 0xb5b76000
brk(0)                                  = 0xbffc0000
brk(0xbfffa000)                         = 0xbffc0000
mmap2(NULL, 1048576, PROT_READ|PROT_WRITE, MAP_PRIVATE|MAP_ANONYMOUS, -1, 0) = 0xb5a76000
brk(0)                                  = 0xbffc0000
brk(0xbfffa000)                         = 0xbffc0000
mmap2(NULL, 1048576, PROT_READ|PROT_WRITE, MAP_PRIVATE|MAP_ANONYMOUS, -1, 0) = 0xb5976000
brk(0)                                  = 0xbffc0000
brk(0xbfffa000)                         = 0xbffc0000
mmap2(NULL, 1048576, PROT_READ|PROT_WRITE, MAP_PRIVATE|MAP_ANONYMOUS, -1, 0) = 0xb5876000
brk(0)                                  = 0xbffc0000
brk(0xbfffa000)                         = 0xbffc0000
mmap2(NULL, 1048576, PROT_READ|PROT_WRITE, MAP_PRIVATE|MAP_ANONYMOUS, -1, 0) = 0xb5776000
brk(0)                                  = 0xbffc0000
brk(0xbfffa000)                         = 0xbffc0000
mmap2(NULL, 1048576, PROT_READ|PROT_WRITE, MAP_PRIVATE|MAP_ANONYMOUS, -1, 0) = 0xb5676000
brk(0)                                  = 0xbffc0000
brk(0xbfffa000)                         = 0xbffc0000
mmap2(NULL, 1048576, PROT_READ|PROT_WRITE, MAP_PRIVATE|MAP_ANONYMOUS, -1, 0) = 0xb5576000
brk(0)                                  = 0xbffc0000
brk(0xbfffa000)                         = 0xbffc0000
mmap2(NULL, 1048576, PROT_READ|PROT_WRITE, MAP_PRIVATE|MAP_ANONYMOUS, -1, 0) = 0xb5476000
brk(0)                                  = 0xbffc0000
brk(0xbfffa000)                         = 0xbffc0000
mmap2(NULL, 1048576, PROT_READ|PROT_WRITE, MAP_PRIVATE|MAP_ANONYMOUS, -1, 0) = 0xb5376000
brk(0)                                  = 0xbffc0000
brk(0xbfffa000)                         = 0xbffc0000
mmap2(NULL, 1048576, PROT_READ|PROT_WRITE, MAP_PRIVATE|MAP_ANONYMOUS, -1, 0) = 0xb5276000
brk(0)                                  = 0xbffc0000
brk(0xbfffa000)                         = 0xbffc0000
mmap2(NULL, 1048576, PROT_READ|PROT_WRITE, MAP_PRIVATE|MAP_ANONYMOUS, -1, 0) = 0xb5176000
brk(0)                                  = 0xbffc0000
brk(0xbfffa000)                         = 0xbffc0000
mmap2(NULL, 1048576, PROT_READ|PROT_WRITE, MAP_PRIVATE|MAP_ANONYMOUS, -1, 0) = 0xb5076000
brk(0)                                  = 0xbffc0000
brk(0xbfffa000)                         = 0xbffc0000
mmap2(NULL, 1048576, PROT_READ|PROT_WRITE, MAP_PRIVATE|MAP_ANONYMOUS, -1, 0) = 0xb4f76000
brk(0)                                  = 0xbffc0000
brk(0xbfffa000)                         = 0xbffc0000
mmap2(NULL, 1048576, PROT_READ|PROT_WRITE, MAP_PRIVATE|MAP_ANONYMOUS, -1, 0) = 0xb4e76000
brk(0)                                  = 0xbffc0000
brk(0xbfffa000)                         = 0xbffc0000
mmap2(NULL, 1048576, PROT_READ|PROT_WRITE, MAP_PRIVATE|MAP_ANONYMOUS, -1, 0) = 0xb4d76000
brk(0)                                  = 0xbffc0000
brk(0xbfffa000)                         = 0xbffc0000
mmap2(NULL, 1048576, PROT_READ|PROT_WRITE, MAP_PRIVATE|MAP_ANONYMOUS, -1, 0) = 0xb4c76000
brk(0)                                  = 0xbffc0000
brk(0xbfffa000)                         = 0xbffc0000
mmap2(NULL, 1048576, PROT_READ|PROT_WRITE, MAP_PRIVATE|MAP_ANONYMOUS, -1, 0) = 0xb4b76000
brk(0)                                  = 0xbffc0000
brk(0xbfffa000)                         = 0xbffc0000
mmap2(NULL, 1048576, PROT_READ|PROT_WRITE, MAP_PRIVATE|MAP_ANONYMOUS, -1, 0) = 0xb4a76000
brk(0)                                  = 0xbffc0000
brk(0xbfffa000)                         = 0xbffc0000
mmap2(NULL, 1048576, PROT_READ|PROT_WRITE, MAP_PRIVATE|MAP_ANONYMOUS, -1, 0) = 0xb4976000
brk(0)                                  = 0xbffc0000
brk(0xbfffa000)                         = 0xbffc0000
mmap2(NULL, 1048576, PROT_READ|PROT_WRITE, MAP_PRIVATE|MAP_ANONYMOUS, -1, 0) = 0xb4876000
brk(0)                                  = 0xbffc0000
brk(0xbfffa000)                         = 0xbffc0000
mmap2(NULL, 1048576, PROT_READ|PROT_WRITE, MAP_PRIVATE|MAP_ANONYMOUS, -1, 0) = 0xb4776000
brk(0)                                  = 0xbffc0000
brk(0xbfffa000)                         = 0xbffc0000
mmap2(NULL, 1048576, PROT_READ|PROT_WRITE, MAP_PRIVATE|MAP_ANONYMOUS, -1, 0) = 0xb4676000
brk(0)                                  = 0xbffc0000
brk(0xbfffa000)                         = 0xbffc0000
mmap2(NULL, 1048576, PROT_READ|PROT_WRITE, MAP_PRIVATE|MAP_ANONYMOUS, -1, 0) = 0xb4576000
brk(0)                                  = 0xbffc0000
brk(0xbfffa000)                         = 0xbffc0000
mmap2(NULL, 1048576, PROT_READ|PROT_WRITE, MAP_PRIVATE|MAP_ANONYMOUS, -1, 0) = 0xb4476000
brk(0)                                  = 0xbffc0000
brk(0xbfffa000)                         = 0xbffc0000
mmap2(NULL, 1048576, PROT_READ|PROT_WRITE, MAP_PRIVATE|MAP_ANONYMOUS, -1, 0) = 0xb4376000
brk(0)                                  = 0xbffc0000
brk(0xbfffa000)                         = 0xbffc0000
mmap2(NULL, 1048576, PROT_READ|PROT_WRITE, MAP_PRIVATE|MAP_ANONYMOUS, -1, 0) = 0xb4276000
brk(0)                                  = 0xbffc0000
brk(0xbfffa000)                         = 0xbffc0000
mmap2(NULL, 1048576, PROT_READ|PROT_WRITE, MAP_PRIVATE|MAP_ANONYMOUS, -1, 0) = 0xb4176000
brk(0)                                  = 0xbffc0000
brk(0xbfffa000)                         = 0xbffc0000
mmap2(NULL, 1048576, PROT_READ|PROT_WRITE, MAP_PRIVATE|MAP_ANONYMOUS, -1, 0) = 0xb4076000
brk(0)                                  = 0xbffc0000
brk(0xbfffa000)                         = 0xbffc0000
mmap2(NULL, 1048576, PROT_READ|PROT_WRITE, MAP_PRIVATE|MAP_ANONYMOUS, -1, 0) = 0xb3f76000
brk(0)                                  = 0xbffc0000
brk(0xbfffa000)                         = 0xbffc0000
mmap2(NULL, 1048576, PROT_READ|PROT_WRITE, MAP_PRIVATE|MAP_ANONYMOUS, -1, 0) = 0xb3e76000
brk(0)                                  = 0xbffc0000
brk(0xbfffa000)                         = 0xbffc0000
mmap2(NULL, 1048576, PROT_READ|PROT_WRITE, MAP_PRIVATE|MAP_ANONYMOUS, -1, 0) = 0xb3d76000
brk(0)                                  = 0xbffc0000
brk(0xbfffa000)                         = 0xbffc0000
mmap2(NULL, 1048576, PROT_READ|PROT_WRITE, MAP_PRIVATE|MAP_ANONYMOUS, -1, 0) = 0xb3c76000
brk(0)                                  = 0xbffc0000
brk(0xbfffa000)                         = 0xbffc0000
mmap2(NULL, 1048576, PROT_READ|PROT_WRITE, MAP_PRIVATE|MAP_ANONYMOUS, -1, 0) = 0xb3b76000
brk(0)                                  = 0xbffc0000
brk(0xbfffa000)                         = 0xbffc0000
mmap2(NULL, 1048576, PROT_READ|PROT_WRITE, MAP_PRIVATE|MAP_ANONYMOUS, -1, 0) = 0xb3a76000
brk(0)                                  = 0xbffc0000
brk(0xbfffa000)                         = 0xbffc0000
mmap2(NULL, 1048576, PROT_READ|PROT_WRITE, MAP_PRIVATE|MAP_ANONYMOUS, -1, 0) = 0xb3976000
brk(0)                                  = 0xbffc0000
brk(0xbfffa000)                         = 0xbffc0000
mmap2(NULL, 1048576, PROT_READ|PROT_WRITE, MAP_PRIVATE|MAP_ANONYMOUS, -1, 0) = 0xb3876000
brk(0)                                  = 0xbffc0000
brk(0xbfffa000)                         = 0xbffc0000
mmap2(NULL, 1048576, PROT_READ|PROT_WRITE, MAP_PRIVATE|MAP_ANONYMOUS, -1, 0) = 0xb3776000
brk(0)                                  = 0xbffc0000
brk(0xbfffa000)                         = 0xbffc0000
mmap2(NULL, 1048576, PROT_READ|PROT_WRITE, MAP_PRIVATE|MAP_ANONYMOUS, -1, 0) = 0xb3676000
brk(0)                                  = 0xbffc0000
brk(0xbfffa000)                         = 0xbffc0000
mmap2(NULL, 1048576, PROT_READ|PROT_WRITE, MAP_PRIVATE|MAP_ANONYMOUS, -1, 0) = 0xb3576000
brk(0)                                  = 0xbffc0000
brk(0xbfffa000)                         = 0xbffc0000
mmap2(NULL, 1048576, PROT_READ|PROT_WRITE, MAP_PRIVATE|MAP_ANONYMOUS, -1, 0) = 0xb3476000
brk(0)                                  = 0xbffc0000
brk(0xbfffa000)                         = 0xbffc0000
mmap2(NULL, 1048576, PROT_READ|PROT_WRITE, MAP_PRIVATE|MAP_ANONYMOUS, -1, 0) = 0xb3376000
brk(0)                                  = 0xbffc0000
brk(0xbfffa000)                         = 0xbffc0000
mmap2(NULL, 1048576, PROT_READ|PROT_WRITE, MAP_PRIVATE|MAP_ANONYMOUS, -1, 0) = 0xb3276000
brk(0)                                  = 0xbffc0000
brk(0xbfffa000)                         = 0xbffc0000
mmap2(NULL, 1048576, PROT_READ|PROT_WRITE, MAP_PRIVATE|MAP_ANONYMOUS, -1, 0) = 0xb3176000
brk(0)                                  = 0xbffc0000
brk(0xbfffa000)                         = 0xbffc0000
mmap2(NULL, 1048576, PROT_READ|PROT_WRITE, MAP_PRIVATE|MAP_ANONYMOUS, -1, 0) = 0xb3076000
brk(0)                                  = 0xbffc0000
brk(0xbfffa000)                         = 0xbffc0000
mmap2(NULL, 1048576, PROT_READ|PROT_WRITE, MAP_PRIVATE|MAP_ANONYMOUS, -1, 0) = 0xb2f76000
brk(0)                                  = 0xbffc0000
brk(0xbfffa000)                         = 0xbffc0000
mmap2(NULL, 1048576, PROT_READ|PROT_WRITE, MAP_PRIVATE|MAP_ANONYMOUS, -1, 0) = 0xb2e76000
brk(0)                                  = 0xbffc0000
brk(0xbfffa000)                         = 0xbffc0000
mmap2(NULL, 1048576, PROT_READ|PROT_WRITE, MAP_PRIVATE|MAP_ANONYMOUS, -1, 0) = 0xb2d76000
brk(0)                                  = 0xbffc0000
brk(0xbfffa000)                         = 0xbffc0000
mmap2(NULL, 1048576, PROT_READ|PROT_WRITE, MAP_PRIVATE|MAP_ANONYMOUS, -1, 0) = 0xb2c76000
brk(0)                                  = 0xbffc0000
brk(0xbfffa000)                         = 0xbffc0000
mmap2(NULL, 1048576, PROT_READ|PROT_WRITE, MAP_PRIVATE|MAP_ANONYMOUS, -1, 0) = 0xb2b76000
brk(0)                                  = 0xbffc0000
brk(0xbfffa000)                         = 0xbffc0000
mmap2(NULL, 1048576, PROT_READ|PROT_WRITE, MAP_PRIVATE|MAP_ANONYMOUS, -1, 0) = 0xb2a76000
brk(0)                                  = 0xbffc0000
brk(0xbfffa000)                         = 0xbffc0000
mmap2(NULL, 1048576, PROT_READ|PROT_WRITE, MAP_PRIVATE|MAP_ANONYMOUS, -1, 0) = 0xb2976000
brk(0)                                  = 0xbffc0000
brk(0xbfffa000)                         = 0xbffc0000
mmap2(NULL, 1048576, PROT_READ|PROT_WRITE, MAP_PRIVATE|MAP_ANONYMOUS, -1, 0) = 0xb2876000
brk(0)                                  = 0xbffc0000
brk(0xbfffa000)                         = 0xbffc0000
mmap2(NULL, 1048576, PROT_READ|PROT_WRITE, MAP_PRIVATE|MAP_ANONYMOUS, -1, 0) = 0xb2776000
brk(0)                                  = 0xbffc0000
brk(0xbfffa000)                         = 0xbffc0000
mmap2(NULL, 1048576, PROT_READ|PROT_WRITE, MAP_PRIVATE|MAP_ANONYMOUS, -1, 0) = 0xb2676000
brk(0)                                  = 0xbffc0000
brk(0xbfffa000)                         = 0xbffc0000
mmap2(NULL, 1048576, PROT_READ|PROT_WRITE, MAP_PRIVATE|MAP_ANONYMOUS, -1, 0) = 0xb2576000
brk(0)                                  = 0xbffc0000
brk(0xbfffa000)                         = 0xbffc0000
mmap2(NULL, 1048576, PROT_READ|PROT_WRITE, MAP_PRIVATE|MAP_ANONYMOUS, -1, 0) = 0xb2476000
brk(0)                                  = 0xbffc0000
brk(0xbfffa000)                         = 0xbffc0000
mmap2(NULL, 1048576, PROT_READ|PROT_WRITE, MAP_PRIVATE|MAP_ANONYMOUS, -1, 0) = 0xb2376000
brk(0)                                  = 0xbffc0000
brk(0xbfffa000)                         = 0xbffc0000
mmap2(NULL, 1048576, PROT_READ|PROT_WRITE, MAP_PRIVATE|MAP_ANONYMOUS, -1, 0) = 0xb2276000
brk(0)                                  = 0xbffc0000
brk(0xbfffa000)                         = 0xbffc0000
mmap2(NULL, 1048576, PROT_READ|PROT_WRITE, MAP_PRIVATE|MAP_ANONYMOUS, -1, 0) = 0xb2176000
brk(0)                                  = 0xbffc0000
brk(0xbfffa000)                         = 0xbffc0000
mmap2(NULL, 1048576, PROT_READ|PROT_WRITE, MAP_PRIVATE|MAP_ANONYMOUS, -1, 0) = 0xb2076000
brk(0)                                  = 0xbffc0000
brk(0xbfffa000)                         = 0xbffc0000
mmap2(NULL, 1048576, PROT_READ|PROT_WRITE, MAP_PRIVATE|MAP_ANONYMOUS, -1, 0) = 0xb1f76000
brk(0)                                  = 0xbffc0000
brk(0xbfffa000)                         = 0xbffc0000
mmap2(NULL, 1048576, PROT_READ|PROT_WRITE, MAP_PRIVATE|MAP_ANONYMOUS, -1, 0) = 0xb1e76000
brk(0)                                  = 0xbffc0000
brk(0xbfffa000)                         = 0xbffc0000
mmap2(NULL, 1048576, PROT_READ|PROT_WRITE, MAP_PRIVATE|MAP_ANONYMOUS, -1, 0) = 0xb1d76000
brk(0)                                  = 0xbffc0000
brk(0xbfffa000)                         = 0xbffc0000
mmap2(NULL, 1048576, PROT_READ|PROT_WRITE, MAP_PRIVATE|MAP_ANONYMOUS, -1, 0) = 0xb1c76000
brk(0)                                  = 0xbffc0000
brk(0xbfffa000)                         = 0xbffc0000
mmap2(NULL, 1048576, PROT_READ|PROT_WRITE, MAP_PRIVATE|MAP_ANONYMOUS, -1, 0) = 0xb1b76000
brk(0)                                  = 0xbffc0000
brk(0xbfffa000)                         = 0xbffc0000
mmap2(NULL, 1048576, PROT_READ|PROT_WRITE, MAP_PRIVATE|MAP_ANONYMOUS, -1, 0) = 0xb1a76000
brk(0)                                  = 0xbffc0000
brk(0)                                  = 0xbffc0000
brk(0)                                  = 0xbffc0000
brk(0)                                  = 0xbffc0000
brk(0)                                  = 0xbffc0000
brk(0)                                  = 0xbffc0000
brk(0)                                  = 0xbffc0000
brk(0)                                  = 0xbffc0000
brk(0)                                  = 0xbffc0000
brk(0)                                  = 0xbffc0000
brk(0)                                  = 0xbffc0000
brk(0)                                  = 0xbffc0000
brk(0)                                  = 0xbffc0000
brk(0)                                  = 0xbffc0000
brk(0)                                  = 0xbffc0000
brk(0)                                  = 0xbffc0000
brk(0)                                  = 0xbffc0000
brk(0)                                  = 0xbffc0000
brk(0)                                  = 0xbffc0000
brk(0)                                  = 0xbffc0000
brk(0)                                  = 0xbffc0000
brk(0)                                  = 0xbffc0000
brk(0)                                  = 0xbffc0000
brk(0)                                  = 0xbffc0000
brk(0)                                  = 0xbffc0000
brk(0)                                  = 0xbffc0000
brk(0)                                  = 0xbffc0000
brk(0)                                  = 0xbffc0000
brk(0)                                  = 0xbffc0000
brk(0)                                  = 0xbffc0000
brk(0)                                  = 0xbffc0000
brk(0)                                  = 0xbffc0000
brk(0)                                  = 0xbffc0000
brk(0)                                  = 0xbffc0000
brk(0)                                  = 0xbffc0000
brk(0)                                  = 0xbffc0000
brk(0)                                  = 0xbffc0000
brk(0)                                  = 0xbffc0000
brk(0)                                  = 0xbffc0000
brk(0)                                  = 0xbffc0000
brk(0)                                  = 0xbffc0000
brk(0)                                  = 0xbffc0000
brk(0)                                  = 0xbffc0000
brk(0)                                  = 0xbffc0000
brk(0)                                  = 0xbffc0000
brk(0)                                  = 0xbffc0000
brk(0)                                  = 0xbffc0000
brk(0)                                  = 0xbffc0000
brk(0)                                  = 0xbffc0000
brk(0)                                  = 0xbffc0000
brk(0)                                  = 0xbffc0000
brk(0)                                  = 0xbffc0000
brk(0)                                  = 0xbffc0000
brk(0)                                  = 0xbffc0000
brk(0)                                  = 0xbffc0000
brk(0)                                  = 0xbffc0000
brk(0)                                  = 0xbffc0000
brk(0)                                  = 0xbffc0000
brk(0)                                  = 0xbffc0000
brk(0)                                  = 0xbffc0000
brk(0)                                  = 0xbffc0000
brk(0)                                  = 0xbffc0000
brk(0)                                  = 0xbffc0000
brk(0)                                  = 0xbffc0000
brk(0)                                  = 0xbffc0000
brk(0)                                  = 0xbffc0000
brk(0)                                  = 0xbffc0000
brk(0)                                  = 0xbffc0000
brk(0)                                  = 0xbffc0000
brk(0)                                  = 0xbffc0000
brk(0)                                  = 0xbffc0000
brk(0)                                  = 0xbffc0000
brk(0)                                  = 0xbffc0000
brk(0)                                  = 0xbffc0000
brk(0)                                  = 0xbffc0000
brk(0)                                  = 0xbffc0000
brk(0)                                  = 0xbffc0000
brk(0)                                  = 0xbffc0000
brk(0)                                  = 0xbffc0000
brk(0)                                  = 0xbffc0000
brk(0)                                  = 0xbffc0000
brk(0)                                  = 0xbffc0000
brk(0)                                  = 0xbffc0000
brk(0)                                  = 0xbffc0000
brk(0)                                  = 0xbffc0000
brk(0)                                  = 0xbffc0000
brk(0)                                  = 0xbffc0000
brk(0)                                  = 0xbffc0000
brk(0)                                  = 0xbffc0000
brk(0)                                  = 0xbffc0000
brk(0)                                  = 0xbffc0000
brk(0)                                  = 0xbffc0000
brk(0)                                  = 0xbffc0000
brk(0)                                  = 0xbffc0000
brk(0)                                  = 0xbffc0000
brk(0)                                  = 0xbffc0000
brk(0)                                  = 0xbffc0000
brk(0)                                  = 0xbffc0000
brk(0)                                  = 0xbffc0000
brk(0)                                  = 0xbffc0000
brk(0)                                  = 0xbffc0000
brk(0)                                  = 0xbffc0000
brk(0)                                  = 0xbffc0000
brk(0)                                  = 0xbffc0000
brk(0)                                  = 0xbffc0000
brk(0)                                  = 0xbffc0000
brk(0)                                  = 0xbffc0000
brk(0)                                  = 0xbffc0000
brk(0)                                  = 0xbffc0000
brk(0)                                  = 0xbffc0000
brk(0)                                  = 0xbffc0000
brk(0)                                  = 0xbffc0000
brk(0)                                  = 0xbffc0000
brk(0)                                  = 0xbffc0000
brk(0)                                  = 0xbffc0000
brk(0)                                  = 0xbffc0000
brk(0)                                  = 0xbffc0000
brk(0)                                  = 0xbffc0000
brk(0)                                  = 0xbffc0000
brk(0)                                  = 0xbffc0000
brk(0)                                  = 0xbffc0000
brk(0)                                  = 0xbffc0000
brk(0)                                  = 0xbffc0000
brk(0)                                  = 0xbffc0000
brk(0)                                  = 0xbffc0000
brk(0)                                  = 0xbffc0000
brk(0)                                  = 0xbffc0000
brk(0)                                  = 0xbffc0000
brk(0)                                  = 0xbffc0000
brk(0)                                  = 0xbffc0000
brk(0)                                  = 0xbffc0000
brk(0)                                  = 0xbffc0000
brk(0)                                  = 0xbffc0000
brk(0)                                  = 0xbffc0000
brk(0)                                  = 0xbffc0000
brk(0)                                  = 0xbffc0000
brk(0)                                  = 0xbffc0000
brk(0)                                  = 0xbffc0000
brk(0)                                  = 0xbffc0000
brk(0)                                  = 0xbffc0000
brk(0)                                  = 0xbffc0000
brk(0)                                  = 0xbffc0000
brk(0)                                  = 0xbffc0000
brk(0)                                  = 0xbffc0000
brk(0)                                  = 0xbffc0000
brk(0)                                  = 0xbffc0000
brk(0)                                  = 0xbffc0000
brk(0)                                  = 0xbffc0000
brk(0)                                  = 0xbffc0000
brk(0)                                  = 0xbffc0000
brk(0)                                  = 0xbffc0000
brk(0)                                  = 0xbffc0000
brk(0)                                  = 0xbffc0000
brk(0)                                  = 0xbffc0000
brk(0)                                  = 0xbffc0000
brk(0)                                  = 0xbffc0000
brk(0)                                  = 0xbffc0000
brk(0)                                  = 0xbffc0000
brk(0)                                  = 0xbffc0000
brk(0)                                  = 0xbffc0000
brk(0)                                  = 0xbffc0000
brk(0)                                  = 0xbffc0000
brk(0)                                  = 0xbffc0000
brk(0)                                  = 0xbffc0000
brk(0)                                  = 0xbffc0000
brk(0)                                  = 0xbffc0000
brk(0)                                  = 0xbffc0000
brk(0)                                  = 0xbffc0000
brk(0)                                  = 0xbffc0000
brk(0)                                  = 0xbffc0000
brk(0)                                  = 0xbffc0000
brk(0)                                  = 0xbffc0000
brk(0)                                  = 0xbffc0000
brk(0)                                  = 0xbffc0000
brk(0)                                  = 0xbffc0000
brk(0)                                  = 0xbffc0000
brk(0)                                  = 0xbffc0000
brk(0)                                  = 0xbffc0000
brk(0)                                  = 0xbffc0000
brk(0)                                  = 0xbffc0000
brk(0)                                  = 0xbffc0000
brk(0)                                  = 0xbffc0000
brk(0)                                  = 0xbffc0000
brk(0)                                  = 0xbffc0000
brk(0)                                  = 0xbffc0000
brk(0)                                  = 0xbffc0000
brk(0)                                  = 0xbffc0000
brk(0)                                  = 0xbffc0000
brk(0)                                  = 0xbffc0000
brk(0)                                  = 0xbffc0000
brk(0)                                  = 0xbffc0000
brk(0)                                  = 0xbffc0000
brk(0)                                  = 0xbffc0000
brk(0)                                  = 0xbffc0000
brk(0)                                  = 0xbffc0000
brk(0)                                  = 0xbffc0000
brk(0)                                  = 0xbffc0000
brk(0)                                  = 0xbffc0000
brk(0)                                  = 0xbffc0000
brk(0)                                  = 0xbffc0000
brk(0)                                  = 0xbffc0000
brk(0)                                  = 0xbffc0000
brk(0)                                  = 0xbffc0000
brk(0)                                  = 0xbffc0000
brk(0)                                  = 0xbffc0000
brk(0)                                  = 0xbffc0000
brk(0)                                  = 0xbffc0000
brk(0)                                  = 0xbffc0000
brk(0)                                  = 0xbffc0000
brk(0)                                  = 0xbffc0000
brk(0)                                  = 0xbffc0000
brk(0)                                  = 0xbffc0000
brk(0)                                  = 0xbffc0000
brk(0)                                  = 0xbffc0000
brk(0)                                  = 0xbffc0000
brk(0)                                  = 0xbffc0000
brk(0)                                  = 0xbffc0000
brk(0)                                  = 0xbffc0000
brk(0)                                  = 0xbffc0000
brk(0)                                  = 0xbffc0000
brk(0)                                  = 0xbffc0000
brk(0)                                  = 0xbffc0000
brk(0)                                  = 0xbffc0000
brk(0)                                  = 0xbffc0000
brk(0)                                  = 0xbffc0000
brk(0)                                  = 0xbffc0000
brk(0)                                  = 0xbffc0000
brk(0)                                  = 0xbffc0000
brk(0)                                  = 0xbffc0000
brk(0)                                  = 0xbffc0000
brk(0)                                  = 0xbffc0000
brk(0)                                  = 0xbffc0000
brk(0)                                  = 0xbffc0000
brk(0)                                  = 0xbffc0000
brk(0)                                  = 0xbffc0000
brk(0)                                  = 0xbffc0000
brk(0)                                  = 0xbffc0000
brk(0)                                  = 0xbffc0000
brk(0)                                  = 0xbffc0000
brk(0)                                  = 0xbffc0000
brk(0)                                  = 0xbffc0000
brk(0)                                  = 0xbffc0000
brk(0)                                  = 0xbffc0000
brk(0)                                  = 0xbffc0000
brk(0)                                  = 0xbffc0000
brk(0)                                  = 0xbffc0000
brk(0)                                  = 0xbffc0000
brk(0)                                  = 0xbffc0000
brk(0)                                  = 0xbffc0000
brk(0)                                  = 0xbffc0000
brk(0)                                  = 0xbffc0000
brk(0)                                  = 0xbffc0000
brk(0)                                  = 0xbffc0000
brk(0)                                  = 0xbffc0000
brk(0)                                  = 0xbffc0000
brk(0)                                  = 0xbffc0000
brk(0)                                  = 0xbffc0000
brk(0)                                  = 0xbffc0000
brk(0)                                  = 0xbffc0000
brk(0)                                  = 0xbffc0000
brk(0)                                  = 0xbffc0000
brk(0)                                  = 0xbffc0000
brk(0)                                  = 0xbffc0000
brk(0)                                  = 0xbffc0000
brk(0)                                  = 0xbffc0000
brk(0)                                  = 0xbffc0000
brk(0)                                  = 0xbffc0000
brk(0)                                  = 0xbffc0000
brk(0)                                  = 0xbffc0000
brk(0)                                  = 0xbffc0000
brk(0)                                  = 0xbffc0000
brk(0)                                  = 0xbffc0000
brk(0)                                  = 0xbffc0000
brk(0)                                  = 0xbffc0000
brk(0)                                  = 0xbffc0000
brk(0)                                  = 0xbffc0000
brk(0)                                  = 0xbffc0000
brk(0)                                  = 0xbffc0000
brk(0)                                  = 0xbffc0000
brk(0)                                  = 0xbffc0000
brk(0)                                  = 0xbffc0000
brk(0)                                  = 0xbffc0000
brk(0)                                  = 0xbffc0000
brk(0)                                  = 0xbffc0000
brk(0)                                  = 0xbffc0000
brk(0)                                  = 0xbffc0000
brk(0)                                  = 0xbffc0000
brk(0)                                  = 0xbffc0000
brk(0)                                  = 0xbffc0000
brk(0)                                  = 0xbffc0000
brk(0)                                  = 0xbffc0000
brk(0)                                  = 0xbffc0000
brk(0)                                  = 0xbffc0000
brk(0)                                  = 0xbffc0000
brk(0)                                  = 0xbffc0000
brk(0)                                  = 0xbffc0000
brk(0)                                  = 0xbffc0000
brk(0)                                  = 0xbffc0000
brk(0)                                  = 0xbffc0000
brk(0)                                  = 0xbffc0000
brk(0)                                  = 0xbffc0000
brk(0)                                  = 0xbffc0000
brk(0)                                  = 0xbffc0000
brk(0)                                  = 0xbffc0000
brk(0)                                  = 0xbffc0000
brk(0)                                  = 0xbffc0000
brk(0)                                  = 0xbffc0000
brk(0)                                  = 0xbffc0000
brk(0)                                  = 0xbffc0000
brk(0)                                  = 0xbffc0000
brk(0)                                  = 0xbffc0000
brk(0)                                  = 0xbffc0000
brk(0)                                  = 0xbffc0000
brk(0)                                  = 0xbffc0000
brk(0)                                  = 0xbffc0000
brk(0)                                  = 0xbffc0000
brk(0)                                  = 0xbffc0000
brk(0)                                  = 0xbffc0000
brk(0)                                  = 0xbffc0000
brk(0)                                  = 0xbffc0000
brk(0)                                  = 0xbffc0000
brk(0)                                  = 0xbffc0000
brk(0)                                  = 0xbffc0000
brk(0)                                  = 0xbffc0000
brk(0)                                  = 0xbffc0000
brk(0)                                  = 0xbffc0000
brk(0)                                  = 0xbffc0000
brk(0)                                  = 0xbffc0000
brk(0)                                  = 0xbffc0000
brk(0)                                  = 0xbffc0000
brk(0)                                  = 0xbffc0000
brk(0)                                  = 0xbffc0000
brk(0)                                  = 0xbffc0000
brk(0)                                  = 0xbffc0000
brk(0)                                  = 0xbffc0000
brk(0)                                  = 0xbffc0000
brk(0)                                  = 0xbffc0000
brk(0)                                  = 0xbffc0000
brk(0)                                  = 0xbffc0000
brk(0)                                  = 0xbffc0000
brk(0)                                  = 0xbffc0000
brk(0)                                  = 0xbffc0000
brk(0)                                  = 0xbffc0000
brk(0)                                  = 0xbffc0000
brk(0)                                  = 0xbffc0000
brk(0)                                  = 0xbffc0000
brk(0)                                  = 0xbffc0000
brk(0)                                  = 0xbffc0000
brk(0)                                  = 0xbffc0000
brk(0)                                  = 0xbffc0000
brk(0)                                  = 0xbffc0000
brk(0)                                  = 0xbffc0000
brk(0)                                  = 0xbffc0000
brk(0)                                  = 0xbffc0000
brk(0)                                  = 0xbffc0000
brk(0)                                  = 0xbffc0000
brk(0)                                  = 0xbffc0000
brk(0)                                  = 0xbffc0000
brk(0)                                  = 0xbffc0000
brk(0)                                  = 0xbffc0000
brk(0)                                  = 0xbffc0000
brk(0)                                  = 0xbffc0000
brk(0)                                  = 0xbffc0000
brk(0)                                  = 0xbffc0000
brk(0)                                  = 0xbffc0000
brk(0)                                  = 0xbffc0000
brk(0)                                  = 0xbffc0000
brk(0)                                  = 0xbffc0000
brk(0)                                  = 0xbffc0000
brk(0)                                  = 0xbffc0000
brk(0)                                  = 0xbffc0000
brk(0)                                  = 0xbffc0000
brk(0)                                  = 0xbffc0000
brk(0)                                  = 0xbffc0000
brk(0)                                  = 0xbffc0000
brk(0)                                  = 0xbffc0000
brk(0)                                  = 0xbffc0000
brk(0)                                  = 0xbffc0000
brk(0)                                  = 0xbffc0000
brk(0)                                  = 0xbffc0000
brk(0)                                  = 0xbffc0000
brk(0)                                  = 0xbffc0000
brk(0)                                  = 0xbffc0000
brk(0)                                  = 0xbffc0000
brk(0)                                  = 0xbffc0000
brk(0)                                  = 0xbffc0000
brk(0)                                  = 0xbffc0000
brk(0)                                  = 0xbffc0000
brk(0)                                  = 0xbffc0000
brk(0)                                  = 0xbffc0000
brk(0)                                  = 0xbffc0000
brk(0)                                  = 0xbffc0000
brk(0)                                  = 0xbffc0000
brk(0)                                  = 0xbffc0000
brk(0)                                  = 0xbffc0000
brk(0)                                  = 0xbffc0000
brk(0)                                  = 0xbffc0000
brk(0)                                  = 0xbffc0000
brk(0)                                  = 0xbffc0000
brk(0)                                  = 0xbffc0000
brk(0)                                  = 0xbffc0000
brk(0)                                  = 0xbffc0000
brk(0)                                  = 0xbffc0000
brk(0)                                  = 0xbffc0000
brk(0)                                  = 0xbffc0000
brk(0)                                  = 0xbffc0000
brk(0)                                  = 0xbffc0000
brk(0)                                  = 0xbffc0000
brk(0)                                  = 0xbffc0000
brk(0)                                  = 0xbffc0000
brk(0)                                  = 0xbffc0000
brk(0)                                  = 0xbffc0000
brk(0)                                  = 0xbffc0000
brk(0)                                  = 0xbffc0000
brk(0)                                  = 0xbffc0000
brk(0)                                  = 0xbffc0000
brk(0)                                  = 0xbffc0000
brk(0)                                  = 0xbffc0000
brk(0)                                  = 0xbffc0000
brk(0)                                  = 0xbffc0000
brk(0)                                  = 0xbffc0000
brk(0)                                  = 0xbffc0000
brk(0)                                  = 0xbffc0000
brk(0)                                  = 0xbffc0000
brk(0)                                  = 0xbffc0000
brk(0)                                  = 0xbffc0000
brk(0)                                  = 0xbffc0000
brk(0)                                  = 0xbffc0000
brk(0)                                  = 0xbffc0000
brk(0)                                  = 0xbffc0000
brk(0)                                  = 0xbffc0000
brk(0)                                  = 0xbffc0000
brk(0)                                  = 0xbffc0000
brk(0)                                  = 0xbffc0000
brk(0)                                  = 0xbffc0000
brk(0)                                  = 0xbffc0000
brk(0)                                  = 0xbffc0000
brk(0)                                  = 0xbffc0000
brk(0)                                  = 0xbffc0000
brk(0)                                  = 0xbffc0000
brk(0)                                  = 0xbffc0000
brk(0)                                  = 0xbffc0000
brk(0)                                  = 0xbffc0000
brk(0)                                  = 0xbffc0000
brk(0)                                  = 0xbffc0000
brk(0)                                  = 0xbffc0000
brk(0)                                  = 0xbffc0000
brk(0)                                  = 0xbffc0000
brk(0)                                  = 0xbffc0000
brk(0)                                  = 0xbffc0000
brk(0)                                  = 0xbffc0000
brk(0)                                  = 0xbffc0000
brk(0)                                  = 0xbffc0000
brk(0)                                  = 0xbffc0000
brk(0)                                  = 0xbffc0000
brk(0)                                  = 0xbffc0000
brk(0)                                  = 0xbffc0000
brk(0)                                  = 0xbffc0000
brk(0)                                  = 0xbffc0000
brk(0)                                  = 0xbffc0000
brk(0)                                  = 0xbffc0000
brk(0)                                  = 0xbffc0000
brk(0)                                  = 0xbffc0000
brk(0)                                  = 0xbffc0000
brk(0)                                  = 0xbffc0000
brk(0)                                  = 0xbffc0000
brk(0)                                  = 0xbffc0000
brk(0)                                  = 0xbffc0000
brk(0)                                  = 0xbffc0000
brk(0)                                  = 0xbffc0000
brk(0)                                  = 0xbffc0000
brk(0)                                  = 0xbffc0000
brk(0)                                  = 0xbffc0000
brk(0)                                  = 0xbffc0000
brk(0)                                  = 0xbffc0000
brk(0)                                  = 0xbffc0000
brk(0)                                  = 0xbffc0000
brk(0)                                  = 0xbffc0000
brk(0)                                  = 0xbffc0000
brk(0)                                  = 0xbffc0000
brk(0)                                  = 0xbffc0000
brk(0)                                  = 0xbffc0000
brk(0)                                  = 0xbffc0000
brk(0)                                  = 0xbffc0000
brk(0)                                  = 0xbffc0000
brk(0)                                  = 0xbffc0000
brk(0)                                  = 0xbffc0000
brk(0)                                  = 0xbffc0000
brk(0)                                  = 0xbffc0000
brk(0)                                  = 0xbffc0000
brk(0)                                  = 0xbffc0000
brk(0)                                  = 0xbffc0000
brk(0)                                  = 0xbffc0000
brk(0)                                  = 0xbffc0000
brk(0)                                  = 0xbffc0000
brk(0)                                  = 0xbffc0000
brk(0)                                  = 0xbffc0000
brk(0)                                  = 0xbffc0000
brk(0)                                  = 0xbffc0000
brk(0)                                  = 0xbffc0000
brk(0)                                  = 0xbffc0000
brk(0)                                  = 0xbffc0000
brk(0)                                  = 0xbffc0000
brk(0)                                  = 0xbffc0000
brk(0)                                  = 0xbffc0000
brk(0)                                  = 0xbffc0000
brk(0)                                  = 0xbffc0000
brk(0)                                  = 0xbffc0000
brk(0)                                  = 0xbffc0000
brk(0)                                  = 0xbffc0000
brk(0)                                  = 0xbffc0000
brk(0)                                  = 0xbffc0000
brk(0)                                  = 0xbffc0000
brk(0)                                  = 0xbffc0000
brk(0)                                  = 0xbffc0000
brk(0)                                  = 0xbffc0000
brk(0)                                  = 0xbffc0000
brk(0)                                  = 0xbffc0000
brk(0)                                  = 0xbffc0000
brk(0)                                  = 0xbffc0000
brk(0)                                  = 0xbffc0000
brk(0)                                  = 0xbffc0000
brk(0)                                  = 0xbffc0000
brk(0)                                  = 0xbffc0000
brk(0)                                  = 0xbffc0000
brk(0)                                  = 0xbffc0000
brk(0)                                  = 0xbffc0000
brk(0)                                  = 0xbffc0000
brk(0)                                  = 0xbffc0000
brk(0)                                  = 0xbffc0000
brk(0)                                  = 0xbffc0000
brk(0)                                  = 0xbffc0000
brk(0)                                  = 0xbffc0000
brk(0)                                  = 0xbffc0000
brk(0)                                  = 0xbffc0000
brk(0)                                  = 0xbffc0000
brk(0)                                  = 0xbffc0000
brk(0)                                  = 0xbffc0000
brk(0)                                  = 0xbffc0000
brk(0)                                  = 0xbffc0000
brk(0)                                  = 0xbffc0000
brk(0)                                  = 0xbffc0000
brk(0)                                  = 0xbffc0000
brk(0)                                  = 0xbffc0000
brk(0)                                  = 0xbffc0000
brk(0)                                  = 0xbffc0000
brk(0)                                  = 0xbffc0000
brk(0)                                  = 0xbffc0000
brk(0)                                  = 0xbffc0000
brk(0)                                  = 0xbffc0000
brk(0)                                  = 0xbffc0000
brk(0)                                  = 0xbffc0000
brk(0)                                  = 0xbffc0000
brk(0)                                  = 0xbffc0000
brk(0)                                  = 0xbffc0000
brk(0)                                  = 0xbffc0000
brk(0)                                  = 0xbffc0000
brk(0)                                  = 0xbffc0000
brk(0)                                  = 0xbffc0000
brk(0)                                  = 0xbffc0000
brk(0)                                  = 0xbffc0000
brk(0)                                  = 0xbffc0000
brk(0)                                  = 0xbffc0000
brk(0)                                  = 0xbffc0000
brk(0)                                  = 0xbffc0000
brk(0)                                  = 0xbffc0000
brk(0)                                  = 0xbffc0000
brk(0)                                  = 0xbffc0000
brk(0)                                  = 0xbffc0000
brk(0)                                  = 0xbffc0000
brk(0)                                  = 0xbffc0000
brk(0)                                  = 0xbffc0000
brk(0)                                  = 0xbffc0000
brk(0)                                  = 0xbffc0000
brk(0)                                  = 0xbffc0000
brk(0)                                  = 0xbffc0000
brk(0)                                  = 0xbffc0000
brk(0)                                  = 0xbffc0000
brk(0)                                  = 0xbffc0000
brk(0)                                  = 0xbffc0000
brk(0)                                  = 0xbffc0000
brk(0)                                  = 0xbffc0000
brk(0)                                  = 0xbffc0000
brk(0)                                  = 0xbffc0000
brk(0)                                  = 0xbffc0000
brk(0)                                  = 0xbffc0000
brk(0)                                  = 0xbffc0000
brk(0)                                  = 0xbffc0000
brk(0)                                  = 0xbffc0000
brk(0)                                  = 0xbffc0000
brk(0)                                  = 0xbffc0000
brk(0)                                  = 0xbffc0000
brk(0)                                  = 0xbffc0000
brk(0)                                  = 0xbffc0000
brk(0)                                  = 0xbffc0000
brk(0)                                  = 0xbffc0000
brk(0)                                  = 0xbffc0000
brk(0)                                  = 0xbffc0000
brk(0)                                  = 0xbffc0000
brk(0)                                  = 0xbffc0000
brk(0)                                  = 0xbffc0000
brk(0)                                  = 0xbffc0000
brk(0)                                  = 0xbffc0000
brk(0)                                  = 0xbffc0000
brk(0)                                  = 0xbffc0000
brk(0)                                  = 0xbffc0000
brk(0)                                  = 0xbffc0000
brk(0)                                  = 0xbffc0000
brk(0)                                  = 0xbffc0000
brk(0)                                  = 0xbffc0000
brk(0)                                  = 0xbffc0000
brk(0)                                  = 0xbffc0000
brk(0)                                  = 0xbffc0000
brk(0)                                  = 0xbffc0000
brk(0)                                  = 0xbffc0000
brk(0)                                  = 0xbffc0000
brk(0)                                  = 0xbffc0000
brk(0)                                  = 0xbffc0000
brk(0)                                  = 0xbffc0000
brk(0)                                  = 0xbffc0000
brk(0)                                  = 0xbffc0000
brk(0)                                  = 0xbffc0000
brk(0)                                  = 0xbffc0000
brk(0)                                  = 0xbffc0000
brk(0)                                  = 0xbffc0000
brk(0)                                  = 0xbffc0000
brk(0)                                  = 0xbffc0000
brk(0)                                  = 0xbffc0000
brk(0)                                  = 0xbffc0000
brk(0)                                  = 0xbffc0000
brk(0)                                  = 0xbffc0000
brk(0)                                  = 0xbffc0000
brk(0)                                  = 0xbffc0000
brk(0)                                  = 0xbffc0000
brk(0)                                  = 0xbffc0000
brk(0)                                  = 0xbffc0000
brk(0)                                  = 0xbffc0000
brk(0)                                  = 0xbffc0000
brk(0)                                  = 0xbffc0000
brk(0)                                  = 0xbffc0000
brk(0)                                  = 0xbffc0000
brk(0)                                  = 0xbffc0000
brk(0)                                  = 0xbffc0000
brk(0)                                  = 0xbffc0000
brk(0)                                  = 0xbffc0000
brk(0)                                  = 0xbffc0000
brk(0)                                  = 0xbffc0000
brk(0)                                  = 0xbffc0000
brk(0)                                  = 0xbffc0000
brk(0)                                  = 0xbffc0000
brk(0)                                  = 0xbffc0000
brk(0)                                  = 0xbffc0000
brk(0)                                  = 0xbffc0000
brk(0)                                  = 0xbffc0000
brk(0)                                  = 0xbffc0000
brk(0)                                  = 0xbffc0000
brk(0)                                  = 0xbffc0000
brk(0)                                  = 0xbffc0000
brk(0)                                  = 0xbffc0000
brk(0)                                  = 0xbffc0000
brk(0)                                  = 0xbffc0000
brk(0)                                  = 0xbffc0000
brk(0)                                  = 0xbffc0000
brk(0)                                  = 0xbffc0000
brk(0)                                  = 0xbffc0000
brk(0)                                  = 0xbffc0000
brk(0)                                  = 0xbffc0000
brk(0)                                  = 0xbffc0000
brk(0)                                  = 0xbffc0000
brk(0)                                  = 0xbffc0000
brk(0)                                  = 0xbffc0000
brk(0)                                  = 0xbffc0000
brk(0)                                  = 0xbffc0000
brk(0)                                  = 0xbffc0000
brk(0)                                  = 0xbffc0000
brk(0)                                  = 0xbffc0000
brk(0)                                  = 0xbffc0000
brk(0)                                  = 0xbffc0000
brk(0)                                  = 0xbffc0000
brk(0)                                  = 0xbffc0000
brk(0)                                  = 0xbffc0000
brk(0)                                  = 0xbffc0000
brk(0)                                  = 0xbffc0000
brk(0)                                  = 0xbffc0000
brk(0)                                  = 0xbffc0000
brk(0)                                  = 0xbffc0000
brk(0)                                  = 0xbffc0000
brk(0)                                  = 0xbffc0000
brk(0)                                  = 0xbffc0000
brk(0)                                  = 0xbffc0000
brk(0)                                  = 0xbffc0000
brk(0)                                  = 0xbffc0000
brk(0)                                  = 0xbffc0000
brk(0)                                  = 0xbffc0000
brk(0)                                  = 0xbffc0000
brk(0)                                  = 0xbffc0000
brk(0)                                  = 0xbffc0000
brk(0)                                  = 0xbffc0000
brk(0)                                  = 0xbffc0000
brk(0)                                  = 0xbffc0000
brk(0)                                  = 0xbffc0000
brk(0)                                  = 0xbffc0000
brk(0)                                  = 0xbffc0000
brk(0)                                  = 0xbffc0000
brk(0)                                  = 0xbffc0000
brk(0)                                  = 0xbffc0000
brk(0)                                  = 0xbffc0000
brk(0)                                  = 0xbffc0000
brk(0)                                  = 0xbffc0000
brk(0)                                  = 0xbffc0000
brk(0)                                  = 0xbffc0000
brk(0)                                  = 0xbffc0000
brk(0)                                  = 0xbffc0000
brk(0)                                  = 0xbffc0000
brk(0)                                  = 0xbffc0000
brk(0)                                  = 0xbffc0000
brk(0)                                  = 0xbffc0000
brk(0)                                  = 0xbffc0000
brk(0)                                  = 0xbffc0000
brk(0)                                  = 0xbffc0000
brk(0)                                  = 0xbffc0000
brk(0)                                  = 0xbffc0000
brk(0)                                  = 0xbffc0000
brk(0)                                  = 0xbffc0000
brk(0)                                  = 0xbffc0000
brk(0)                                  = 0xbffc0000
brk(0)                                  = 0xbffc0000
brk(0)                                  = 0xbffc0000
brk(0)                                  = 0xbffc0000
brk(0)                                  = 0xbffc0000
brk(0)                                  = 0xbffc0000
brk(0)                                  = 0xbffc0000
brk(0)                                  = 0xbffc0000
brk(0)                                  = 0xbffc0000
brk(0)                                  = 0xbffc0000
brk(0)                                  = 0xbffc0000
brk(0)                                  = 0xbffc0000
brk(0)                                  = 0xbffc0000
brk(0)                                  = 0xbffc0000
brk(0)                                  = 0xbffc0000
brk(0)                                  = 0xbffc0000
brk(0)                                  = 0xbffc0000
brk(0)                                  = 0xbffc0000
brk(0)                                  = 0xbffc0000
brk(0)                                  = 0xbffc0000
brk(0)                                  = 0xbffc0000
brk(0)                                  = 0xbffc0000
brk(0)                                  = 0xbffc0000
brk(0)                                  = 0xbffc0000
brk(0)                                  = 0xbffc0000
brk(0)                                  = 0xbffc0000
brk(0)                                  = 0xbffc0000
brk(0)                                  = 0xbffc0000
brk(0)                                  = 0xbffc0000
brk(0)                                  = 0xbffc0000
brk(0)                                  = 0xbffc0000
brk(0)                                  = 0xbffc0000
brk(0)                                  = 0xbffc0000
brk(0)                                  = 0xbffc0000
brk(0)                                  = 0xbffc0000
brk(0)                                  = 0xbffc0000
brk(0)                                  = 0xbffc0000
brk(0)                                  = 0xbffc0000
brk(0)                                  = 0xbffc0000
brk(0)                                  = 0xbffc0000
brk(0)                                  = 0xbffc0000
brk(0)                                  = 0xbffc0000
brk(0)                                  = 0xbffc0000
brk(0)                                  = 0xbffc0000
brk(0)                                  = 0xbffc0000
brk(0)                                  = 0xbffc0000
brk(0)                                  = 0xbffc0000
brk(0)                                  = 0xbffc0000
brk(0)                                  = 0xbffc0000
brk(0)                                  = 0xbffc0000
brk(0)                                  = 0xbffc0000
brk(0)                                  = 0xbffc0000
brk(0)                                  = 0xbffc0000
brk(0)                                  = 0xbffc0000
brk(0)                                  = 0xbffc0000
brk(0)                                  = 0xbffc0000
brk(0)                                  = 0xbffc0000
brk(0)                                  = 0xbffc0000
brk(0)                                  = 0xbffc0000
brk(0)                                  = 0xbffc0000
brk(0)                                  = 0xbffc0000
brk(0)                                  = 0xbffc0000
brk(0)                                  = 0xbffc0000
brk(0)                                  = 0xbffc0000
brk(0)                                  = 0xbffc0000
brk(0)                                  = 0xbffc0000
brk(0)                                  = 0xbffc0000
brk(0)                                  = 0xbffc0000
brk(0)                                  = 0xbffc0000
brk(0)                                  = 0xbffc0000
brk(0)                                  = 0xbffc0000
brk(0)                                  = 0xbffc0000
brk(0)                                  = 0xbffc0000
brk(0)                                  = 0xbffc0000
brk(0)                                  = 0xbffc0000
brk(0)                                  = 0xbffc0000
brk(0)                                  = 0xbffc0000
brk(0)                                  = 0xbffc0000
brk(0)                                  = 0xbffc0000
brk(0)                                  = 0xbffc0000
brk(0)                                  = 0xbffc0000
brk(0)                                  = 0xbffc0000
brk(0)                                  = 0xbffc0000
brk(0)                                  = 0xbffc0000
brk(0)                                  = 0xbffc0000
brk(0)                                  = 0xbffc0000
brk(0)                                  = 0xbffc0000
brk(0)                                  = 0xbffc0000
brk(0)                                  = 0xbffc0000
brk(0)                                  = 0xbffc0000
brk(0)                                  = 0xbffc0000
brk(0)                                  = 0xbffc0000
brk(0)                                  = 0xbffc0000
brk(0)                                  = 0xbffc0000
brk(0)                                  = 0xbffc0000
brk(0)                                  = 0xbffc0000
brk(0)                                  = 0xbffc0000
brk(0)                                  = 0xbffc0000
brk(0)                                  = 0xbffc0000
brk(0)                                  = 0xbffc0000
brk(0)                                  = 0xbffc0000
brk(0)                                  = 0xbffc0000
brk(0)                                  = 0xbffc0000
brk(0)                                  = 0xbffc0000
brk(0)                                  = 0xbffc0000
brk(0)                                  = 0xbffc0000
brk(0)                                  = 0xbffc0000
brk(0)                                  = 0xbffc0000
brk(0)                                  = 0xbffc0000
brk(0)                                  = 0xbffc0000
brk(0)                                  = 0xbffc0000
brk(0)                                  = 0xbffc0000
brk(0)                                  = 0xbffc0000
brk(0)                                  = 0xbffc0000
brk(0)                                  = 0xbffc0000
brk(0)                                  = 0xbffc0000
brk(0)                                  = 0xbffc0000
brk(0)                                  = 0xbffc0000
brk(0)                                  = 0xbffc0000
brk(0)                                  = 0xbffc0000
brk(0)                                  = 0xbffc0000
brk(0)                                  = 0xbffc0000
brk(0)                                  = 0xbffc0000
brk(0)                                  = 0xbffc0000
brk(0)                                  = 0xbffc0000
brk(0)                                  = 0xbffc0000
brk(0)                                  = 0xbffc0000
brk(0)                                  = 0xbffc0000
brk(0)                                  = 0xbffc0000
brk(0)                                  = 0xbffc0000
brk(0)                                  = 0xbffc0000
brk(0)                                  = 0xbffc0000
brk(0)                                  = 0xbffc0000
brk(0)                                  = 0xbffc0000
brk(0)                                  = 0xbffc0000
brk(0)                                  = 0xbffc0000
brk(0)                                  = 0xbffc0000
brk(0)                                  = 0xbffc0000
brk(0)                                  = 0xbffc0000
brk(0)                                  = 0xbffc0000
brk(0)                                  = 0xbffc0000
brk(0)                                  = 0xbffc0000
brk(0)                                  = 0xbffc0000
brk(0)                                  = 0xbffc0000
brk(0)                                  = 0xbffc0000
brk(0)                                  = 0xbffc0000
brk(0)                                  = 0xbffc0000
brk(0)                                  = 0xbffc0000
brk(0)                                  = 0xbffc0000
brk(0)                                  = 0xbffc0000
brk(0)                                  = 0xbffc0000
brk(0)                                  = 0xbffc0000
brk(0)                                  = 0xbffc0000
brk(0)                                  = 0xbffc0000
brk(0)                                  = 0xbffc0000
brk(0)                                  = 0xbffc0000
brk(0)                                  = 0xbffc0000
brk(0)                                  = 0xbffc0000
brk(0)                                  = 0xbffc0000
brk(0)                                  = 0xbffc0000
brk(0)                                  = 0xbffc0000
brk(0)                                  = 0xbffc0000
brk(0)                                  = 0xbffc0000
brk(0)                                  = 0xbffc0000
brk(0)                                  = 0xbffc0000
brk(0)                                  = 0xbffc0000
brk(0)                                  = 0xbffc0000
brk(0)                                  = 0xbffc0000
brk(0)                                  = 0xbffc0000
brk(0)                                  = 0xbffc0000
brk(0)                                  = 0xbffc0000
brk(0)                                  = 0xbffc0000
brk(0)                                  = 0xbffc0000
brk(0)                                  = 0xbffc0000
brk(0)                                  = 0xbffc0000
brk(0)                                  = 0xbffc0000
brk(0)                                  = 0xbffc0000
brk(0)                                  = 0xbffc0000
brk(0)                                  = 0xbffc0000
brk(0)                                  = 0xbffc0000
brk(0)                                  = 0xbffc0000
brk(0)                                  = 0xbffc0000
brk(0)                                  = 0xbffc0000
brk(0)                                  = 0xbffc0000
brk(0)                                  = 0xbffc0000
brk(0)                                  = 0xbffc0000
brk(0)                                  = 0xbffc0000
brk(0)                                  = 0xbffc0000
brk(0)                                  = 0xbffc0000
brk(0)                                  = 0xbffc0000
brk(0)                                  = 0xbffc0000
brk(0)                                  = 0xbffc0000
brk(0)                                  = 0xbffc0000
brk(0)                                  = 0xbffc0000
brk(0)                                  = 0xbffc0000
brk(0)                                  = 0xbffc0000
brk(0)                                  = 0xbffc0000
brk(0)                                  = 0xbffc0000
brk(0)                                  = 0xbffc0000
brk(0)                                  = 0xbffc0000
brk(0)                                  = 0xbffc0000
brk(0)                                  = 0xbffc0000
brk(0)                                  = 0xbffc0000
brk(0)                                  = 0xbffc0000
brk(0)                                  = 0xbffc0000
brk(0)                                  = 0xbffc0000
brk(0)                                  = 0xbffc0000
brk(0)                                  = 0xbffc0000
brk(0)                                  = 0xbffc0000
brk(0)                                  = 0xbffc0000
brk(0)                                  = 0xbffc0000
brk(0)                                  = 0xbffc0000
brk(0)                                  = 0xbffc0000
brk(0)                                  = 0xbffc0000
brk(0)                                  = 0xbffc0000
brk(0)                                  = 0xbffc0000
brk(0)                                  = 0xbffc0000
brk(0)                                  = 0xbffc0000
brk(0)                                  = 0xbffc0000
brk(0)                                  = 0xbffc0000
brk(0)                                  = 0xbffc0000
brk(0)                                  = 0xbffc0000
brk(0)                                  = 0xbffc0000
brk(0)                                  = 0xbffc0000
brk(0)                                  = 0xbffc0000
brk(0)                                  = 0xbffc0000
brk(0)                                  = 0xbffc0000
brk(0)                                  = 0xbffc0000
brk(0)                                  = 0xbffc0000
brk(0)                                  = 0xbffc0000
brk(0)                                  = 0xbffc0000
brk(0)                                  = 0xbffc0000
brk(0)                                  = 0xbffc0000
brk(0)                                  = 0xbffc0000
brk(0)                                  = 0xbffc0000
brk(0)                                  = 0xbffc0000
brk(0)                                  = 0xbffc0000
brk(0)                                  = 0xbffc0000
brk(0)                                  = 0xbffc0000
brk(0)                                  = 0xbffc0000
brk(0)                                  = 0xbffc0000
brk(0)                                  = 0xbffc0000
brk(0)                                  = 0xbffc0000
brk(0)                                  = 0xbffc0000
brk(0)                                  = 0xbffc0000
brk(0)                                  = 0xbffc0000
brk(0)                                  = 0xbffc0000
brk(0)                                  = 0xbffc0000
brk(0)                                  = 0xbffc0000
brk(0)                                  = 0xbffc0000
brk(0)                                  = 0xbffc0000
brk(0)                                  = 0xbffc0000
brk(0)                                  = 0xbffc0000
brk(0)                                  = 0xbffc0000
brk(0)                                  = 0xbffc0000
brk(0)                                  = 0xbffc0000
brk(0)                                  = 0xbffc0000
brk(0)                                  = 0xbffc0000
brk(0)                                  = 0xbffc0000
brk(0)                                  = 0xbffc0000
brk(0)                                  = 0xbffc0000
brk(0)                                  = 0xbffc0000
brk(0)                                  = 0xbffc0000
brk(0)                                  = 0xbffc0000
brk(0)                                  = 0xbffc0000
brk(0)                                  = 0xbffc0000
brk(0)                                  = 0xbffc0000
brk(0)                                  = 0xbffc0000
brk(0)                                  = 0xbffc0000
brk(0)                                  = 0xbffc0000
brk(0)                                  = 0xbffc0000
brk(0)                                  = 0xbffc0000
brk(0)                                  = 0xbffc0000
brk(0)                                  = 0xbffc0000
brk(0)                                  = 0xbffc0000
brk(0)                                  = 0xbffc0000
+++ exited with 0 +++
